11:29:57 INFO  : Launching XSCT server: xsct.bat -n  -interactive D:\PortlandState\ECE_544\Labs\project_3\Vitis\temp_xsdb_launch_script.tcl
11:29:57 INFO  : Registering command handlers for Vitis TCF services
11:30:14 INFO  : XSCT server has started successfully.
11:30:22 INFO  : Platform repository initialization has completed.
11:30:39 INFO  : plnx-install-location is set to ''
11:30:39 INFO  : Successfully done setting XSCT server connection channel  
11:30:40 INFO  : Successfully done query RDI_DATADIR 
11:30:40 INFO  : Successfully done setting workspace for the tool. 
12:01:43 INFO  : Result from executing command 'getProjects': project3_micro_platform
12:01:43 INFO  : Result from executing command 'getPlatforms': 
13:49:36 INFO  : Result from executing command 'getProjects': Project3_MBlaze_Platform
13:49:36 INFO  : Result from executing command 'getPlatforms': 
13:53:10 INFO  : Result from executing command 'getProjects': Project3_MBlaze_Platform
13:53:10 INFO  : Result from executing command 'getPlatforms': Project3_MBlaze_Platform|D:/PortlandState/ECE_544/Labs/project_3/Vitis/Project3_MBlaze_Platform/export/Project3_MBlaze_Platform/Project3_MBlaze_Platform.xpfm
13:53:11 INFO  : Checking for BSP changes to sync application flags for project 'Project3_ApplicationMBlaze'...
14:00:14 INFO  : Checking for BSP changes to sync application flags for project 'Project3_ApplicationMBlaze'...
14:01:19 INFO  : Checking for BSP changes to sync application flags for project 'Project3_ApplicationMBlaze'...
14:16:41 INFO  : Checking for BSP changes to sync application flags for project 'Project3_ApplicationMBlaze'...
14:26:05 INFO  : Checking for BSP changes to sync application flags for project 'Project3_ApplicationMBlaze'...
14:28:51 INFO  : Checking for BSP changes to sync application flags for project 'Project3_ApplicationMBlaze'...
14:41:18 INFO  : Checking for BSP changes to sync application flags for project 'Project3_ApplicationMBlaze'...
14:41:47 INFO  : Checking for BSP changes to sync application flags for project 'Project3_ApplicationMBlaze'...
14:42:22 INFO  : Checking for BSP changes to sync application flags for project 'Project3_ApplicationMBlaze'...
14:42:29 INFO  : Checking for BSP changes to sync application flags for project 'Project3_ApplicationMBlaze'...
15:04:01 INFO  : Checking for BSP changes to sync application flags for project 'Project3_ApplicationMBlaze'...
16:33:16 INFO  : Checking for BSP changes to sync application flags for project 'Project3_ApplicationMBlaze'...
17:39:47 INFO  : Checking for BSP changes to sync application flags for project 'Project3_ApplicationMBlaze'...
18:35:16 INFO  : Checking for BSP changes to sync application flags for project 'Project3_ApplicationMBlaze'...
18:35:55 INFO  : Checking for BSP changes to sync application flags for project 'Project3_ApplicationMBlaze'...
18:36:27 INFO  : Checking for BSP changes to sync application flags for project 'Project3_ApplicationMBlaze'...
20:14:37 INFO  : Checking for BSP changes to sync application flags for project 'Project3_ApplicationMBlaze'...
20:14:50 INFO  : Checking for BSP changes to sync application flags for project 'Project3_ApplicationMBlaze'...
20:21:59 INFO  : Checking for BSP changes to sync application flags for project 'Project3_ApplicationMBlaze'...
20:22:17 INFO  : Connected to target on host '127.0.0.1' and port '3121'.
20:22:18 INFO  : Jtag cable 'Digilent Nexys A7 -100T 210292B17F4AA' is selected.
20:22:18 INFO  : 'jtag frequency' command is executed.
20:22:18 INFO  : 'targets -set -filter {jtag_cable_name =~ "Digilent Nexys A7 -100T 210292B17F4AA" && level==0 && jtag_device_ctx=="jsn-Nexys A7 -100T-210292B17F4AA-13631093-0"}' command is executed.
20:22:21 INFO  : Device configured successfully with "D:/PortlandState/ECE_544/Labs/project_3/Vitis/Project3_ApplicationMBlaze/_ide/bitstream/nexysA7fpga.bit"
20:22:21 INFO  : Context for processor 'microblaze_0' is selected.
20:22:21 INFO  : Hardware design and registers information is loaded from 'D:/PortlandState/ECE_544/Labs/project_3/Vitis/Project3_MBlaze_Platform/export/Project3_MBlaze_Platform/hw/nexysA7fpga.xsa'.
20:22:21 INFO  : 'configparams mdm-detect-bscan-mask 2' command is executed.
20:22:21 INFO  : Context for processor 'microblaze_0' is selected.
20:22:21 INFO  : System reset is completed.
20:22:24 INFO  : 'after 3000' command is executed.
20:22:24 INFO  : Context for processor 'microblaze_0' is selected.
20:22:24 INFO  : The application 'D:/PortlandState/ECE_544/Labs/project_3/Vitis/Project3_ApplicationMBlaze/Debug/Project3_ApplicationMBlaze.elf' is downloaded to processor 'microblaze_0'.
20:22:24 INFO  : ----------------XSDB Script----------------
connect -url tcp:127.0.0.1:3121
targets -set -filter {jtag_cable_name =~ "Digilent Nexys A7 -100T 210292B17F4AA" && level==0 && jtag_device_ctx=="jsn-Nexys A7 -100T-210292B17F4AA-13631093-0"}
fpga -file D:/PortlandState/ECE_544/Labs/project_3/Vitis/Project3_ApplicationMBlaze/_ide/bitstream/nexysA7fpga.bit
targets -set -nocase -filter {name =~ "*microblaze*#0" && bscan=="USER2" }
loadhw -hw D:/PortlandState/ECE_544/Labs/project_3/Vitis/Project3_MBlaze_Platform/export/Project3_MBlaze_Platform/hw/nexysA7fpga.xsa -regs
configparams mdm-detect-bscan-mask 2
targets -set -nocase -filter {name =~ "*microblaze*#0" && bscan=="USER2" }
rst -system
after 3000
targets -set -nocase -filter {name =~ "*microblaze*#0" && bscan=="USER2" }
dow D:/PortlandState/ECE_544/Labs/project_3/Vitis/Project3_ApplicationMBlaze/Debug/Project3_ApplicationMBlaze.elf
----------------End of Script----------------

20:22:25 INFO  : Context for processor 'microblaze_0' is selected.
20:22:25 INFO  : 'con' command is executed.
20:22:25 INFO  : ----------------XSDB Script (After Launch)----------------
targets -set -nocase -filter {name =~ "*microblaze*#0" && bscan=="USER2" }
con
----------------End of Script----------------

20:22:25 INFO  : Launch script is exported to file 'D:\PortlandState\ECE_544\Labs\project_3\Vitis\Project3_ApplicationMBlaze_system\_ide\scripts\systemdebugger_project3_applicationmblaze_system_standalone.tcl'
20:24:51 INFO  : Checking for BSP changes to sync application flags for project 'Project3_ApplicationMBlaze'...
20:26:42 INFO  : Checking for BSP changes to sync application flags for project 'Project3_ApplicationMBlaze'...
20:26:45 INFO  : Disconnected from the channel tcfchan#2.
20:26:45 INFO  : Connected to target on host '127.0.0.1' and port '3121'.
20:26:45 INFO  : Jtag cable 'Digilent Nexys A7 -100T 210292B17F4AA' is selected.
20:26:45 INFO  : 'jtag frequency' command is executed.
20:26:45 INFO  : 'targets -set -filter {jtag_cable_name =~ "Digilent Nexys A7 -100T 210292B17F4AA" && level==0 && jtag_device_ctx=="jsn-Nexys A7 -100T-210292B17F4AA-13631093-0"}' command is executed.
20:26:47 INFO  : Device configured successfully with "D:/PortlandState/ECE_544/Labs/project_3/Vitis/Project3_ApplicationMBlaze/_ide/bitstream/nexysA7fpga.bit"
20:26:47 INFO  : Context for processor 'microblaze_0' is selected.
20:26:47 INFO  : Hardware design and registers information is loaded from 'D:/PortlandState/ECE_544/Labs/project_3/Vitis/Project3_MBlaze_Platform/export/Project3_MBlaze_Platform/hw/nexysA7fpga.xsa'.
20:26:47 INFO  : 'configparams mdm-detect-bscan-mask 2' command is executed.
20:26:47 INFO  : Context for processor 'microblaze_0' is selected.
20:26:47 INFO  : System reset is completed.
20:26:50 INFO  : 'after 3000' command is executed.
20:26:50 INFO  : Context for processor 'microblaze_0' is selected.
20:26:51 INFO  : The application 'D:/PortlandState/ECE_544/Labs/project_3/Vitis/Project3_ApplicationMBlaze/Debug/Project3_ApplicationMBlaze.elf' is downloaded to processor 'microblaze_0'.
20:26:51 INFO  : ----------------XSDB Script----------------
connect -url tcp:127.0.0.1:3121
targets -set -filter {jtag_cable_name =~ "Digilent Nexys A7 -100T 210292B17F4AA" && level==0 && jtag_device_ctx=="jsn-Nexys A7 -100T-210292B17F4AA-13631093-0"}
fpga -file D:/PortlandState/ECE_544/Labs/project_3/Vitis/Project3_ApplicationMBlaze/_ide/bitstream/nexysA7fpga.bit
targets -set -nocase -filter {name =~ "*microblaze*#0" && bscan=="USER2" }
loadhw -hw D:/PortlandState/ECE_544/Labs/project_3/Vitis/Project3_MBlaze_Platform/export/Project3_MBlaze_Platform/hw/nexysA7fpga.xsa -regs
configparams mdm-detect-bscan-mask 2
targets -set -nocase -filter {name =~ "*microblaze*#0" && bscan=="USER2" }
rst -system
after 3000
targets -set -nocase -filter {name =~ "*microblaze*#0" && bscan=="USER2" }
dow D:/PortlandState/ECE_544/Labs/project_3/Vitis/Project3_ApplicationMBlaze/Debug/Project3_ApplicationMBlaze.elf
----------------End of Script----------------

20:26:51 INFO  : Context for processor 'microblaze_0' is selected.
20:26:51 INFO  : 'con' command is executed.
20:26:51 INFO  : ----------------XSDB Script (After Launch)----------------
targets -set -nocase -filter {name =~ "*microblaze*#0" && bscan=="USER2" }
con
----------------End of Script----------------

20:26:51 INFO  : Launch script is exported to file 'D:\PortlandState\ECE_544\Labs\project_3\Vitis\Project3_ApplicationMBlaze_system\_ide\scripts\systemdebugger_project3_applicationmblaze_system_standalone.tcl'
20:28:59 INFO  : Checking for BSP changes to sync application flags for project 'Project3_ApplicationMBlaze'...
20:30:19 INFO  : Checking for BSP changes to sync application flags for project 'Project3_ApplicationMBlaze'...
20:30:22 INFO  : Disconnected from the channel tcfchan#3.
20:30:22 INFO  : Connected to target on host '127.0.0.1' and port '3121'.
20:30:22 INFO  : Jtag cable 'Digilent Nexys A7 -100T 210292B17F4AA' is selected.
20:30:22 INFO  : 'jtag frequency' command is executed.
20:30:22 INFO  : 'targets -set -filter {jtag_cable_name =~ "Digilent Nexys A7 -100T 210292B17F4AA" && level==0 && jtag_device_ctx=="jsn-Nexys A7 -100T-210292B17F4AA-13631093-0"}' command is executed.
20:30:24 INFO  : Device configured successfully with "D:/PortlandState/ECE_544/Labs/project_3/Vitis/Project3_ApplicationMBlaze/_ide/bitstream/nexysA7fpga.bit"
20:30:24 INFO  : Context for processor 'microblaze_0' is selected.
20:30:24 INFO  : Hardware design and registers information is loaded from 'D:/PortlandState/ECE_544/Labs/project_3/Vitis/Project3_MBlaze_Platform/export/Project3_MBlaze_Platform/hw/nexysA7fpga.xsa'.
20:30:24 INFO  : 'configparams mdm-detect-bscan-mask 2' command is executed.
20:30:24 INFO  : Context for processor 'microblaze_0' is selected.
20:30:24 INFO  : System reset is completed.
20:30:27 INFO  : 'after 3000' command is executed.
20:30:27 INFO  : Context for processor 'microblaze_0' is selected.
20:30:27 INFO  : The application 'D:/PortlandState/ECE_544/Labs/project_3/Vitis/Project3_ApplicationMBlaze/Debug/Project3_ApplicationMBlaze.elf' is downloaded to processor 'microblaze_0'.
20:30:27 INFO  : ----------------XSDB Script----------------
connect -url tcp:127.0.0.1:3121
targets -set -filter {jtag_cable_name =~ "Digilent Nexys A7 -100T 210292B17F4AA" && level==0 && jtag_device_ctx=="jsn-Nexys A7 -100T-210292B17F4AA-13631093-0"}
fpga -file D:/PortlandState/ECE_544/Labs/project_3/Vitis/Project3_ApplicationMBlaze/_ide/bitstream/nexysA7fpga.bit
targets -set -nocase -filter {name =~ "*microblaze*#0" && bscan=="USER2" }
loadhw -hw D:/PortlandState/ECE_544/Labs/project_3/Vitis/Project3_MBlaze_Platform/export/Project3_MBlaze_Platform/hw/nexysA7fpga.xsa -regs
configparams mdm-detect-bscan-mask 2
targets -set -nocase -filter {name =~ "*microblaze*#0" && bscan=="USER2" }
rst -system
after 3000
targets -set -nocase -filter {name =~ "*microblaze*#0" && bscan=="USER2" }
dow D:/PortlandState/ECE_544/Labs/project_3/Vitis/Project3_ApplicationMBlaze/Debug/Project3_ApplicationMBlaze.elf
----------------End of Script----------------

20:30:28 INFO  : Context for processor 'microblaze_0' is selected.
20:30:28 INFO  : 'con' command is executed.
20:30:28 INFO  : ----------------XSDB Script (After Launch)----------------
targets -set -nocase -filter {name =~ "*microblaze*#0" && bscan=="USER2" }
con
----------------End of Script----------------

20:30:28 INFO  : Launch script is exported to file 'D:\PortlandState\ECE_544\Labs\project_3\Vitis\Project3_ApplicationMBlaze_system\_ide\scripts\systemdebugger_project3_applicationmblaze_system_standalone.tcl'
20:31:22 INFO  : Checking for BSP changes to sync application flags for project 'Project3_ApplicationMBlaze'...
20:31:23 INFO  : Disconnected from the channel tcfchan#4.
20:31:23 INFO  : Connected to target on host '127.0.0.1' and port '3121'.
20:31:23 INFO  : Jtag cable 'Digilent Nexys A7 -100T 210292B17F4AA' is selected.
20:31:23 INFO  : 'jtag frequency' command is executed.
20:31:24 INFO  : 'targets -set -filter {jtag_cable_name =~ "Digilent Nexys A7 -100T 210292B17F4AA" && level==0 && jtag_device_ctx=="jsn-Nexys A7 -100T-210292B17F4AA-13631093-0"}' command is executed.
20:31:26 INFO  : Device configured successfully with "D:/PortlandState/ECE_544/Labs/project_3/Vitis/Project3_ApplicationMBlaze/_ide/bitstream/nexysA7fpga.bit"
20:31:26 INFO  : Context for processor 'microblaze_0' is selected.
20:31:26 INFO  : Hardware design and registers information is loaded from 'D:/PortlandState/ECE_544/Labs/project_3/Vitis/Project3_MBlaze_Platform/export/Project3_MBlaze_Platform/hw/nexysA7fpga.xsa'.
20:31:26 INFO  : 'configparams mdm-detect-bscan-mask 2' command is executed.
20:31:26 INFO  : Context for processor 'microblaze_0' is selected.
20:31:26 INFO  : System reset is completed.
20:31:29 INFO  : 'after 3000' command is executed.
20:31:29 INFO  : Context for processor 'microblaze_0' is selected.
20:31:29 INFO  : The application 'D:/PortlandState/ECE_544/Labs/project_3/Vitis/Project3_ApplicationMBlaze/Debug/Project3_ApplicationMBlaze.elf' is downloaded to processor 'microblaze_0'.
20:31:29 INFO  : ----------------XSDB Script----------------
connect -url tcp:127.0.0.1:3121
targets -set -filter {jtag_cable_name =~ "Digilent Nexys A7 -100T 210292B17F4AA" && level==0 && jtag_device_ctx=="jsn-Nexys A7 -100T-210292B17F4AA-13631093-0"}
fpga -file D:/PortlandState/ECE_544/Labs/project_3/Vitis/Project3_ApplicationMBlaze/_ide/bitstream/nexysA7fpga.bit
targets -set -nocase -filter {name =~ "*microblaze*#0" && bscan=="USER2" }
loadhw -hw D:/PortlandState/ECE_544/Labs/project_3/Vitis/Project3_MBlaze_Platform/export/Project3_MBlaze_Platform/hw/nexysA7fpga.xsa -regs
configparams mdm-detect-bscan-mask 2
targets -set -nocase -filter {name =~ "*microblaze*#0" && bscan=="USER2" }
rst -system
after 3000
targets -set -nocase -filter {name =~ "*microblaze*#0" && bscan=="USER2" }
dow D:/PortlandState/ECE_544/Labs/project_3/Vitis/Project3_ApplicationMBlaze/Debug/Project3_ApplicationMBlaze.elf
----------------End of Script----------------

20:31:29 INFO  : Context for processor 'microblaze_0' is selected.
20:31:29 INFO  : 'con' command is executed.
20:31:29 INFO  : ----------------XSDB Script (After Launch)----------------
targets -set -nocase -filter {name =~ "*microblaze*#0" && bscan=="USER2" }
con
----------------End of Script----------------

20:31:29 INFO  : Launch script is exported to file 'D:\PortlandState\ECE_544\Labs\project_3\Vitis\Project3_ApplicationMBlaze_system\_ide\scripts\systemdebugger_project3_applicationmblaze_system_standalone.tcl'
20:32:09 INFO  : Checking for BSP changes to sync application flags for project 'Project3_ApplicationMBlaze'...
20:32:44 INFO  : Checking for BSP changes to sync application flags for project 'Project3_ApplicationMBlaze'...
20:32:59 INFO  : Disconnected from the channel tcfchan#5.
20:32:59 INFO  : Connected to target on host '127.0.0.1' and port '3121'.
20:32:59 INFO  : Jtag cable 'Digilent Nexys A7 -100T 210292B17F4AA' is selected.
20:32:59 INFO  : 'jtag frequency' command is executed.
20:32:59 INFO  : 'targets -set -filter {jtag_cable_name =~ "Digilent Nexys A7 -100T 210292B17F4AA" && level==0 && jtag_device_ctx=="jsn-Nexys A7 -100T-210292B17F4AA-13631093-0"}' command is executed.
20:33:01 ERROR : 'fpga -file D:/PortlandState/ECE_544/Labs/project_3/Vitis/Project3_ApplicationMBlaze/_ide/bitstream/nexysA7fpga.bit' is cancelled.
20:33:01 ERROR : Exception occured while running Program Device.
java.lang.RuntimeException: 'fpga -file D:/PortlandState/ECE_544/Labs/project_3/Vitis/Project3_ApplicationMBlaze/_ide/bitstream/nexysA7fpga.bit' is cancelled.
20:33:01 INFO  : ----------------XSDB Script----------------
connect -url tcp:127.0.0.1:3121
----------------End of Script----------------

20:33:01 ERROR : 'fpga -file D:/PortlandState/ECE_544/Labs/project_3/Vitis/Project3_ApplicationMBlaze/_ide/bitstream/nexysA7fpga.bit' is cancelled.
20:33:03 INFO  : Checking for BSP changes to sync application flags for project 'Project3_ApplicationMBlaze'...
20:33:19 INFO  : Checking for BSP changes to sync application flags for project 'Project3_ApplicationMBlaze'...
20:33:23 INFO  : Connected to target on host '127.0.0.1' and port '3121'.
20:33:23 INFO  : Jtag cable 'Digilent Nexys A7 -100T 210292B17F4AA' is selected.
20:33:23 INFO  : 'jtag frequency' command is executed.
20:33:24 INFO  : 'targets -set -filter {jtag_cable_name =~ "Digilent Nexys A7 -100T 210292B17F4AA" && level==0 && jtag_device_ctx=="jsn-Nexys A7 -100T-210292B17F4AA-13631093-0"}' command is executed.
20:33:26 INFO  : Device configured successfully with "D:/PortlandState/ECE_544/Labs/project_3/Vitis/Project3_ApplicationMBlaze/_ide/bitstream/nexysA7fpga.bit"
20:33:26 INFO  : Context for processor 'microblaze_0' is selected.
20:33:26 INFO  : Hardware design and registers information is loaded from 'D:/PortlandState/ECE_544/Labs/project_3/Vitis/Project3_MBlaze_Platform/export/Project3_MBlaze_Platform/hw/nexysA7fpga.xsa'.
20:33:26 INFO  : 'configparams mdm-detect-bscan-mask 2' command is executed.
20:33:26 INFO  : Context for processor 'microblaze_0' is selected.
20:33:26 INFO  : System reset is completed.
20:33:29 INFO  : 'after 3000' command is executed.
20:33:29 INFO  : ----------------XSDB Script----------------
connect -url tcp:127.0.0.1:3121
targets -set -filter {jtag_cable_name =~ "Digilent Nexys A7 -100T 210292B17F4AA" && level==0 && jtag_device_ctx=="jsn-Nexys A7 -100T-210292B17F4AA-13631093-0"}
fpga -file D:/PortlandState/ECE_544/Labs/project_3/Vitis/Project3_ApplicationMBlaze/_ide/bitstream/nexysA7fpga.bit
targets -set -nocase -filter {name =~ "*microblaze*#0" && bscan=="USER2" }
loadhw -hw D:/PortlandState/ECE_544/Labs/project_3/Vitis/Project3_MBlaze_Platform/export/Project3_MBlaze_Platform/hw/nexysA7fpga.xsa -regs
configparams mdm-detect-bscan-mask 2
targets -set -nocase -filter {name =~ "*microblaze*#0" && bscan=="USER2" }
rst -system
after 3000
----------------End of Script----------------

20:33:29 INFO  : Launch script is exported to file 'D:\PortlandState\ECE_544\Labs\project_3\Vitis\Project3_ApplicationMBlaze_system\_ide\scripts\systemdebugger_project3_applicationmblaze_system_standalone.tcl'
20:33:34 INFO  : Disconnected from the channel tcfchan#6.
20:33:36 INFO  : Connected to target on host '127.0.0.1' and port '3121'.
20:33:36 INFO  : Jtag cable 'Digilent Nexys A7 -100T 210292B17F4AA' is selected.
20:33:36 INFO  : 'jtag frequency' command is executed.
20:33:36 INFO  : 'targets -set -filter {jtag_cable_name =~ "Digilent Nexys A7 -100T 210292B17F4AA" && level==0 && jtag_device_ctx=="jsn-Nexys A7 -100T-210292B17F4AA-13631093-0"}' command is executed.
20:33:39 INFO  : Device configured successfully with "D:/PortlandState/ECE_544/Labs/project_3/Vitis/Project3_ApplicationMBlaze/_ide/bitstream/nexysA7fpga.bit"
20:33:39 INFO  : Context for processor 'microblaze_0' is selected.
20:33:39 INFO  : Hardware design and registers information is loaded from 'D:/PortlandState/ECE_544/Labs/project_3/Vitis/Project3_MBlaze_Platform/export/Project3_MBlaze_Platform/hw/nexysA7fpga.xsa'.
20:33:39 INFO  : 'configparams mdm-detect-bscan-mask 2' command is executed.
20:33:39 INFO  : Context for processor 'microblaze_0' is selected.
20:33:39 INFO  : System reset is completed.
20:33:42 INFO  : 'after 3000' command is executed.
20:33:42 INFO  : ----------------XSDB Script----------------
connect -url tcp:127.0.0.1:3121
targets -set -filter {jtag_cable_name =~ "Digilent Nexys A7 -100T 210292B17F4AA" && level==0 && jtag_device_ctx=="jsn-Nexys A7 -100T-210292B17F4AA-13631093-0"}
fpga -file D:/PortlandState/ECE_544/Labs/project_3/Vitis/Project3_ApplicationMBlaze/_ide/bitstream/nexysA7fpga.bit
targets -set -nocase -filter {name =~ "*microblaze*#0" && bscan=="USER2" }
loadhw -hw D:/PortlandState/ECE_544/Labs/project_3/Vitis/Project3_MBlaze_Platform/export/Project3_MBlaze_Platform/hw/nexysA7fpga.xsa -regs
configparams mdm-detect-bscan-mask 2
targets -set -nocase -filter {name =~ "*microblaze*#0" && bscan=="USER2" }
rst -system
after 3000
----------------End of Script----------------

20:33:42 INFO  : Launch script is exported to file 'D:\PortlandState\ECE_544\Labs\project_3\Vitis\Project3_ApplicationMBlaze_system\_ide\scripts\systemdebugger_project3_applicationmblaze_system_standalone.tcl'
20:34:20 INFO  : Checking for BSP changes to sync application flags for project 'Project3_ApplicationMBlaze'...
20:34:23 INFO  : Disconnected from the channel tcfchan#7.
20:34:23 INFO  : Connected to target on host '127.0.0.1' and port '3121'.
20:34:23 INFO  : Jtag cable 'Digilent Nexys A7 -100T 210292B17F4AA' is selected.
20:34:23 INFO  : 'jtag frequency' command is executed.
20:34:23 INFO  : 'targets -set -filter {jtag_cable_name =~ "Digilent Nexys A7 -100T 210292B17F4AA" && level==0 && jtag_device_ctx=="jsn-Nexys A7 -100T-210292B17F4AA-13631093-0"}' command is executed.
20:34:25 INFO  : Device configured successfully with "D:/PortlandState/ECE_544/Labs/project_3/Vitis/Project3_ApplicationMBlaze/_ide/bitstream/nexysA7fpga.bit"
20:34:25 INFO  : Context for processor 'microblaze_0' is selected.
20:34:25 INFO  : Hardware design and registers information is loaded from 'D:/PortlandState/ECE_544/Labs/project_3/Vitis/Project3_MBlaze_Platform/export/Project3_MBlaze_Platform/hw/nexysA7fpga.xsa'.
20:34:25 INFO  : 'configparams mdm-detect-bscan-mask 2' command is executed.
20:34:25 INFO  : Context for processor 'microblaze_0' is selected.
20:34:26 INFO  : System reset is completed.
20:34:29 INFO  : 'after 3000' command is executed.
20:34:29 INFO  : Context for processor 'microblaze_0' is selected.
20:34:29 INFO  : The application 'D:/PortlandState/ECE_544/Labs/project_3/Vitis/Project3_ApplicationMBlaze/Debug/Project3_ApplicationMBlaze.elf' is downloaded to processor 'microblaze_0'.
20:34:29 INFO  : ----------------XSDB Script----------------
connect -url tcp:127.0.0.1:3121
targets -set -filter {jtag_cable_name =~ "Digilent Nexys A7 -100T 210292B17F4AA" && level==0 && jtag_device_ctx=="jsn-Nexys A7 -100T-210292B17F4AA-13631093-0"}
fpga -file D:/PortlandState/ECE_544/Labs/project_3/Vitis/Project3_ApplicationMBlaze/_ide/bitstream/nexysA7fpga.bit
targets -set -nocase -filter {name =~ "*microblaze*#0" && bscan=="USER2" }
loadhw -hw D:/PortlandState/ECE_544/Labs/project_3/Vitis/Project3_MBlaze_Platform/export/Project3_MBlaze_Platform/hw/nexysA7fpga.xsa -regs
configparams mdm-detect-bscan-mask 2
targets -set -nocase -filter {name =~ "*microblaze*#0" && bscan=="USER2" }
rst -system
after 3000
targets -set -nocase -filter {name =~ "*microblaze*#0" && bscan=="USER2" }
dow D:/PortlandState/ECE_544/Labs/project_3/Vitis/Project3_ApplicationMBlaze/Debug/Project3_ApplicationMBlaze.elf
----------------End of Script----------------

20:34:29 INFO  : Context for processor 'microblaze_0' is selected.
20:34:29 INFO  : 'con' command is executed.
20:34:29 INFO  : ----------------XSDB Script (After Launch)----------------
targets -set -nocase -filter {name =~ "*microblaze*#0" && bscan=="USER2" }
con
----------------End of Script----------------

20:34:29 INFO  : Launch script is exported to file 'D:\PortlandState\ECE_544\Labs\project_3\Vitis\Project3_ApplicationMBlaze_system\_ide\scripts\systemdebugger_project3_applicationmblaze_system_standalone.tcl'
20:34:49 INFO  : Checking for BSP changes to sync application flags for project 'Project3_ApplicationMBlaze'...
20:34:52 INFO  : Disconnected from the channel tcfchan#8.
20:34:52 INFO  : Connected to target on host '127.0.0.1' and port '3121'.
20:34:52 INFO  : Jtag cable 'Digilent Nexys A7 -100T 210292B17F4AA' is selected.
20:34:52 INFO  : 'jtag frequency' command is executed.
20:34:52 INFO  : 'targets -set -filter {jtag_cable_name =~ "Digilent Nexys A7 -100T 210292B17F4AA" && level==0 && jtag_device_ctx=="jsn-Nexys A7 -100T-210292B17F4AA-13631093-0"}' command is executed.
20:34:54 INFO  : Device configured successfully with "D:/PortlandState/ECE_544/Labs/project_3/Vitis/Project3_ApplicationMBlaze/_ide/bitstream/nexysA7fpga.bit"
20:34:54 INFO  : Context for processor 'microblaze_0' is selected.
20:34:54 INFO  : Hardware design and registers information is loaded from 'D:/PortlandState/ECE_544/Labs/project_3/Vitis/Project3_MBlaze_Platform/export/Project3_MBlaze_Platform/hw/nexysA7fpga.xsa'.
20:34:54 INFO  : 'configparams mdm-detect-bscan-mask 2' command is executed.
20:34:54 INFO  : Context for processor 'microblaze_0' is selected.
20:34:54 INFO  : System reset is completed.
20:34:57 INFO  : 'after 3000' command is executed.
20:34:57 INFO  : Context for processor 'microblaze_0' is selected.
20:34:58 INFO  : The application 'D:/PortlandState/ECE_544/Labs/project_3/Vitis/Project3_ApplicationMBlaze/Debug/Project3_ApplicationMBlaze.elf' is downloaded to processor 'microblaze_0'.
20:34:58 INFO  : ----------------XSDB Script----------------
connect -url tcp:127.0.0.1:3121
targets -set -filter {jtag_cable_name =~ "Digilent Nexys A7 -100T 210292B17F4AA" && level==0 && jtag_device_ctx=="jsn-Nexys A7 -100T-210292B17F4AA-13631093-0"}
fpga -file D:/PortlandState/ECE_544/Labs/project_3/Vitis/Project3_ApplicationMBlaze/_ide/bitstream/nexysA7fpga.bit
targets -set -nocase -filter {name =~ "*microblaze*#0" && bscan=="USER2" }
loadhw -hw D:/PortlandState/ECE_544/Labs/project_3/Vitis/Project3_MBlaze_Platform/export/Project3_MBlaze_Platform/hw/nexysA7fpga.xsa -regs
configparams mdm-detect-bscan-mask 2
targets -set -nocase -filter {name =~ "*microblaze*#0" && bscan=="USER2" }
rst -system
after 3000
targets -set -nocase -filter {name =~ "*microblaze*#0" && bscan=="USER2" }
dow D:/PortlandState/ECE_544/Labs/project_3/Vitis/Project3_ApplicationMBlaze/Debug/Project3_ApplicationMBlaze.elf
----------------End of Script----------------

20:34:58 INFO  : Context for processor 'microblaze_0' is selected.
20:34:58 INFO  : 'con' command is executed.
20:34:58 INFO  : ----------------XSDB Script (After Launch)----------------
targets -set -nocase -filter {name =~ "*microblaze*#0" && bscan=="USER2" }
con
----------------End of Script----------------

20:34:58 INFO  : Launch script is exported to file 'D:\PortlandState\ECE_544\Labs\project_3\Vitis\Project3_ApplicationMBlaze_system\_ide\scripts\systemdebugger_project3_applicationmblaze_system_standalone.tcl'
20:38:16 INFO  : Checking for BSP changes to sync application flags for project 'Project3_ApplicationMBlaze'...
20:38:29 INFO  : Disconnected from the channel tcfchan#9.
20:38:29 INFO  : Connected to target on host '127.0.0.1' and port '3121'.
20:38:30 INFO  : Jtag cable 'Digilent Nexys A7 -100T 210292B17F4AA' is selected.
20:38:30 INFO  : 'jtag frequency' command is executed.
20:38:30 INFO  : 'targets -set -filter {jtag_cable_name =~ "Digilent Nexys A7 -100T 210292B17F4AA" && level==0 && jtag_device_ctx=="jsn-Nexys A7 -100T-210292B17F4AA-13631093-0"}' command is executed.
20:38:32 INFO  : Device configured successfully with "D:/PortlandState/ECE_544/Labs/project_3/Vitis/Project3_ApplicationMBlaze/_ide/bitstream/nexysA7fpga.bit"
20:38:32 INFO  : Context for processor 'microblaze_0' is selected.
20:38:32 INFO  : Hardware design and registers information is loaded from 'D:/PortlandState/ECE_544/Labs/project_3/Vitis/Project3_MBlaze_Platform/export/Project3_MBlaze_Platform/hw/nexysA7fpga.xsa'.
20:38:32 INFO  : 'configparams mdm-detect-bscan-mask 2' command is executed.
20:38:32 INFO  : Context for processor 'microblaze_0' is selected.
20:38:32 INFO  : System reset is completed.
20:38:35 INFO  : 'after 3000' command is executed.
20:38:35 INFO  : Context for processor 'microblaze_0' is selected.
20:38:35 INFO  : The application 'D:/PortlandState/ECE_544/Labs/project_3/Vitis/Project3_ApplicationMBlaze/Debug/Project3_ApplicationMBlaze.elf' is downloaded to processor 'microblaze_0'.
20:38:35 INFO  : ----------------XSDB Script----------------
connect -url tcp:127.0.0.1:3121
targets -set -filter {jtag_cable_name =~ "Digilent Nexys A7 -100T 210292B17F4AA" && level==0 && jtag_device_ctx=="jsn-Nexys A7 -100T-210292B17F4AA-13631093-0"}
fpga -file D:/PortlandState/ECE_544/Labs/project_3/Vitis/Project3_ApplicationMBlaze/_ide/bitstream/nexysA7fpga.bit
targets -set -nocase -filter {name =~ "*microblaze*#0" && bscan=="USER2" }
loadhw -hw D:/PortlandState/ECE_544/Labs/project_3/Vitis/Project3_MBlaze_Platform/export/Project3_MBlaze_Platform/hw/nexysA7fpga.xsa -regs
configparams mdm-detect-bscan-mask 2
targets -set -nocase -filter {name =~ "*microblaze*#0" && bscan=="USER2" }
rst -system
after 3000
targets -set -nocase -filter {name =~ "*microblaze*#0" && bscan=="USER2" }
dow D:/PortlandState/ECE_544/Labs/project_3/Vitis/Project3_ApplicationMBlaze/Debug/Project3_ApplicationMBlaze.elf
----------------End of Script----------------

20:38:35 INFO  : Context for processor 'microblaze_0' is selected.
20:38:36 INFO  : 'con' command is executed.
20:38:36 INFO  : ----------------XSDB Script (After Launch)----------------
targets -set -nocase -filter {name =~ "*microblaze*#0" && bscan=="USER2" }
con
----------------End of Script----------------

20:38:36 INFO  : Launch script is exported to file 'D:\PortlandState\ECE_544\Labs\project_3\Vitis\Project3_ApplicationMBlaze_system\_ide\scripts\systemdebugger_project3_applicationmblaze_system_standalone.tcl'
20:39:12 INFO  : Checking for BSP changes to sync application flags for project 'Project3_ApplicationMBlaze'...
20:39:47 INFO  : Checking for BSP changes to sync application flags for project 'Project3_ApplicationMBlaze'...
20:39:52 INFO  : Disconnected from the channel tcfchan#10.
20:39:52 INFO  : Connected to target on host '127.0.0.1' and port '3121'.
20:39:52 INFO  : Jtag cable 'Digilent Nexys A7 -100T 210292B17F4AA' is selected.
20:39:52 INFO  : 'jtag frequency' command is executed.
20:39:52 INFO  : 'targets -set -filter {jtag_cable_name =~ "Digilent Nexys A7 -100T 210292B17F4AA" && level==0 && jtag_device_ctx=="jsn-Nexys A7 -100T-210292B17F4AA-13631093-0"}' command is executed.
20:39:55 INFO  : Device configured successfully with "D:/PortlandState/ECE_544/Labs/project_3/Vitis/Project3_ApplicationMBlaze/_ide/bitstream/nexysA7fpga.bit"
20:39:55 INFO  : Context for processor 'microblaze_0' is selected.
20:39:55 INFO  : Hardware design and registers information is loaded from 'D:/PortlandState/ECE_544/Labs/project_3/Vitis/Project3_MBlaze_Platform/export/Project3_MBlaze_Platform/hw/nexysA7fpga.xsa'.
20:39:55 INFO  : 'configparams mdm-detect-bscan-mask 2' command is executed.
20:39:55 INFO  : Context for processor 'microblaze_0' is selected.
20:39:55 INFO  : System reset is completed.
20:39:58 INFO  : 'after 3000' command is executed.
20:39:58 INFO  : Context for processor 'microblaze_0' is selected.
20:39:58 INFO  : The application 'D:/PortlandState/ECE_544/Labs/project_3/Vitis/Project3_ApplicationMBlaze/Debug/Project3_ApplicationMBlaze.elf' is downloaded to processor 'microblaze_0'.
20:39:58 INFO  : ----------------XSDB Script----------------
connect -url tcp:127.0.0.1:3121
targets -set -filter {jtag_cable_name =~ "Digilent Nexys A7 -100T 210292B17F4AA" && level==0 && jtag_device_ctx=="jsn-Nexys A7 -100T-210292B17F4AA-13631093-0"}
fpga -file D:/PortlandState/ECE_544/Labs/project_3/Vitis/Project3_ApplicationMBlaze/_ide/bitstream/nexysA7fpga.bit
targets -set -nocase -filter {name =~ "*microblaze*#0" && bscan=="USER2" }
loadhw -hw D:/PortlandState/ECE_544/Labs/project_3/Vitis/Project3_MBlaze_Platform/export/Project3_MBlaze_Platform/hw/nexysA7fpga.xsa -regs
configparams mdm-detect-bscan-mask 2
targets -set -nocase -filter {name =~ "*microblaze*#0" && bscan=="USER2" }
rst -system
after 3000
targets -set -nocase -filter {name =~ "*microblaze*#0" && bscan=="USER2" }
dow D:/PortlandState/ECE_544/Labs/project_3/Vitis/Project3_ApplicationMBlaze/Debug/Project3_ApplicationMBlaze.elf
----------------End of Script----------------

20:39:58 INFO  : Context for processor 'microblaze_0' is selected.
20:39:58 INFO  : 'con' command is executed.
20:39:58 INFO  : ----------------XSDB Script (After Launch)----------------
targets -set -nocase -filter {name =~ "*microblaze*#0" && bscan=="USER2" }
con
----------------End of Script----------------

20:39:58 INFO  : Launch script is exported to file 'D:\PortlandState\ECE_544\Labs\project_3\Vitis\Project3_ApplicationMBlaze_system\_ide\scripts\systemdebugger_project3_applicationmblaze_system_standalone.tcl'
20:43:27 INFO  : Checking for BSP changes to sync application flags for project 'Project3_ApplicationMBlaze'...
20:43:30 INFO  : Disconnected from the channel tcfchan#11.
20:43:30 INFO  : Connected to target on host '127.0.0.1' and port '3121'.
20:43:30 INFO  : Jtag cable 'Digilent Nexys A7 -100T 210292B17F4AA' is selected.
20:43:30 INFO  : 'jtag frequency' command is executed.
20:43:30 INFO  : 'targets -set -filter {jtag_cable_name =~ "Digilent Nexys A7 -100T 210292B17F4AA" && level==0 && jtag_device_ctx=="jsn-Nexys A7 -100T-210292B17F4AA-13631093-0"}' command is executed.
20:43:33 INFO  : Device configured successfully with "D:/PortlandState/ECE_544/Labs/project_3/Vitis/Project3_ApplicationMBlaze/_ide/bitstream/nexysA7fpga.bit"
20:43:33 INFO  : Context for processor 'microblaze_0' is selected.
20:43:33 INFO  : Hardware design and registers information is loaded from 'D:/PortlandState/ECE_544/Labs/project_3/Vitis/Project3_MBlaze_Platform/export/Project3_MBlaze_Platform/hw/nexysA7fpga.xsa'.
20:43:33 INFO  : 'configparams mdm-detect-bscan-mask 2' command is executed.
20:43:33 INFO  : Context for processor 'microblaze_0' is selected.
20:43:33 INFO  : System reset is completed.
20:43:36 INFO  : 'after 3000' command is executed.
20:43:36 INFO  : Context for processor 'microblaze_0' is selected.
20:43:36 INFO  : The application 'D:/PortlandState/ECE_544/Labs/project_3/Vitis/Project3_ApplicationMBlaze/Debug/Project3_ApplicationMBlaze.elf' is downloaded to processor 'microblaze_0'.
20:43:36 INFO  : ----------------XSDB Script----------------
connect -url tcp:127.0.0.1:3121
targets -set -filter {jtag_cable_name =~ "Digilent Nexys A7 -100T 210292B17F4AA" && level==0 && jtag_device_ctx=="jsn-Nexys A7 -100T-210292B17F4AA-13631093-0"}
fpga -file D:/PortlandState/ECE_544/Labs/project_3/Vitis/Project3_ApplicationMBlaze/_ide/bitstream/nexysA7fpga.bit
targets -set -nocase -filter {name =~ "*microblaze*#0" && bscan=="USER2" }
loadhw -hw D:/PortlandState/ECE_544/Labs/project_3/Vitis/Project3_MBlaze_Platform/export/Project3_MBlaze_Platform/hw/nexysA7fpga.xsa -regs
configparams mdm-detect-bscan-mask 2
targets -set -nocase -filter {name =~ "*microblaze*#0" && bscan=="USER2" }
rst -system
after 3000
targets -set -nocase -filter {name =~ "*microblaze*#0" && bscan=="USER2" }
dow D:/PortlandState/ECE_544/Labs/project_3/Vitis/Project3_ApplicationMBlaze/Debug/Project3_ApplicationMBlaze.elf
----------------End of Script----------------

20:43:36 INFO  : Context for processor 'microblaze_0' is selected.
20:43:36 INFO  : 'con' command is executed.
20:43:36 INFO  : ----------------XSDB Script (After Launch)----------------
targets -set -nocase -filter {name =~ "*microblaze*#0" && bscan=="USER2" }
con
----------------End of Script----------------

20:43:36 INFO  : Launch script is exported to file 'D:\PortlandState\ECE_544\Labs\project_3\Vitis\Project3_ApplicationMBlaze_system\_ide\scripts\systemdebugger_project3_applicationmblaze_system_standalone.tcl'
20:48:13 INFO  : Checking for BSP changes to sync application flags for project 'Project3_ApplicationMBlaze'...
20:48:16 INFO  : Disconnected from the channel tcfchan#12.
20:48:16 INFO  : Connected to target on host '127.0.0.1' and port '3121'.
20:48:17 INFO  : Jtag cable 'Digilent Nexys A7 -100T 210292B17F4AA' is selected.
20:48:17 INFO  : 'jtag frequency' command is executed.
20:48:17 INFO  : 'targets -set -filter {jtag_cable_name =~ "Digilent Nexys A7 -100T 210292B17F4AA" && level==0 && jtag_device_ctx=="jsn-Nexys A7 -100T-210292B17F4AA-13631093-0"}' command is executed.
20:48:19 INFO  : Device configured successfully with "D:/PortlandState/ECE_544/Labs/project_3/Vitis/Project3_ApplicationMBlaze/_ide/bitstream/nexysA7fpga.bit"
20:48:19 INFO  : Context for processor 'microblaze_0' is selected.
20:48:19 INFO  : Hardware design and registers information is loaded from 'D:/PortlandState/ECE_544/Labs/project_3/Vitis/Project3_MBlaze_Platform/export/Project3_MBlaze_Platform/hw/nexysA7fpga.xsa'.
20:48:19 INFO  : 'configparams mdm-detect-bscan-mask 2' command is executed.
20:48:19 INFO  : Context for processor 'microblaze_0' is selected.
20:48:19 INFO  : System reset is completed.
20:48:22 INFO  : 'after 3000' command is executed.
20:48:22 INFO  : Context for processor 'microblaze_0' is selected.
20:48:22 INFO  : The application 'D:/PortlandState/ECE_544/Labs/project_3/Vitis/Project3_ApplicationMBlaze/Debug/Project3_ApplicationMBlaze.elf' is downloaded to processor 'microblaze_0'.
20:48:22 INFO  : ----------------XSDB Script----------------
connect -url tcp:127.0.0.1:3121
targets -set -filter {jtag_cable_name =~ "Digilent Nexys A7 -100T 210292B17F4AA" && level==0 && jtag_device_ctx=="jsn-Nexys A7 -100T-210292B17F4AA-13631093-0"}
fpga -file D:/PortlandState/ECE_544/Labs/project_3/Vitis/Project3_ApplicationMBlaze/_ide/bitstream/nexysA7fpga.bit
targets -set -nocase -filter {name =~ "*microblaze*#0" && bscan=="USER2" }
loadhw -hw D:/PortlandState/ECE_544/Labs/project_3/Vitis/Project3_MBlaze_Platform/export/Project3_MBlaze_Platform/hw/nexysA7fpga.xsa -regs
configparams mdm-detect-bscan-mask 2
targets -set -nocase -filter {name =~ "*microblaze*#0" && bscan=="USER2" }
rst -system
after 3000
targets -set -nocase -filter {name =~ "*microblaze*#0" && bscan=="USER2" }
dow D:/PortlandState/ECE_544/Labs/project_3/Vitis/Project3_ApplicationMBlaze/Debug/Project3_ApplicationMBlaze.elf
----------------End of Script----------------

20:48:22 INFO  : Context for processor 'microblaze_0' is selected.
20:48:23 INFO  : 'con' command is executed.
20:48:23 INFO  : ----------------XSDB Script (After Launch)----------------
targets -set -nocase -filter {name =~ "*microblaze*#0" && bscan=="USER2" }
con
----------------End of Script----------------

20:48:23 INFO  : Launch script is exported to file 'D:\PortlandState\ECE_544\Labs\project_3\Vitis\Project3_ApplicationMBlaze_system\_ide\scripts\systemdebugger_project3_applicationmblaze_system_standalone.tcl'
21:03:03 INFO  : Checking for BSP changes to sync application flags for project 'Project3_ApplicationMBlaze'...
21:03:06 INFO  : Disconnected from the channel tcfchan#13.
21:03:06 INFO  : Connected to target on host '127.0.0.1' and port '3121'.
21:03:06 INFO  : Jtag cable 'Digilent Nexys A7 -100T 210292B17F4AA' is selected.
21:03:06 INFO  : 'jtag frequency' command is executed.
21:03:06 INFO  : 'targets -set -filter {jtag_cable_name =~ "Digilent Nexys A7 -100T 210292B17F4AA" && level==0 && jtag_device_ctx=="jsn-Nexys A7 -100T-210292B17F4AA-13631093-0"}' command is executed.
21:03:09 INFO  : Device configured successfully with "D:/PortlandState/ECE_544/Labs/project_3/Vitis/Project3_ApplicationMBlaze/_ide/bitstream/nexysA7fpga.bit"
21:03:09 INFO  : Context for processor 'microblaze_0' is selected.
21:03:09 INFO  : Hardware design and registers information is loaded from 'D:/PortlandState/ECE_544/Labs/project_3/Vitis/Project3_MBlaze_Platform/export/Project3_MBlaze_Platform/hw/nexysA7fpga.xsa'.
21:03:09 INFO  : 'configparams mdm-detect-bscan-mask 2' command is executed.
21:03:09 INFO  : Context for processor 'microblaze_0' is selected.
21:03:09 INFO  : System reset is completed.
21:03:12 INFO  : 'after 3000' command is executed.
21:03:12 INFO  : Context for processor 'microblaze_0' is selected.
21:03:12 INFO  : The application 'D:/PortlandState/ECE_544/Labs/project_3/Vitis/Project3_ApplicationMBlaze/Debug/Project3_ApplicationMBlaze.elf' is downloaded to processor 'microblaze_0'.
21:03:12 INFO  : ----------------XSDB Script----------------
connect -url tcp:127.0.0.1:3121
targets -set -filter {jtag_cable_name =~ "Digilent Nexys A7 -100T 210292B17F4AA" && level==0 && jtag_device_ctx=="jsn-Nexys A7 -100T-210292B17F4AA-13631093-0"}
fpga -file D:/PortlandState/ECE_544/Labs/project_3/Vitis/Project3_ApplicationMBlaze/_ide/bitstream/nexysA7fpga.bit
targets -set -nocase -filter {name =~ "*microblaze*#0" && bscan=="USER2" }
loadhw -hw D:/PortlandState/ECE_544/Labs/project_3/Vitis/Project3_MBlaze_Platform/export/Project3_MBlaze_Platform/hw/nexysA7fpga.xsa -regs
configparams mdm-detect-bscan-mask 2
targets -set -nocase -filter {name =~ "*microblaze*#0" && bscan=="USER2" }
rst -system
after 3000
targets -set -nocase -filter {name =~ "*microblaze*#0" && bscan=="USER2" }
dow D:/PortlandState/ECE_544/Labs/project_3/Vitis/Project3_ApplicationMBlaze/Debug/Project3_ApplicationMBlaze.elf
----------------End of Script----------------

21:03:12 INFO  : Context for processor 'microblaze_0' is selected.
21:03:12 INFO  : 'con' command is executed.
21:03:12 INFO  : ----------------XSDB Script (After Launch)----------------
targets -set -nocase -filter {name =~ "*microblaze*#0" && bscan=="USER2" }
con
----------------End of Script----------------

21:03:12 INFO  : Launch script is exported to file 'D:\PortlandState\ECE_544\Labs\project_3\Vitis\Project3_ApplicationMBlaze_system\_ide\scripts\systemdebugger_project3_applicationmblaze_system_standalone.tcl'
21:05:17 INFO  : Checking for BSP changes to sync application flags for project 'Project3_ApplicationMBlaze'...
11:07:40 INFO  : Checking for BSP changes to sync application flags for project 'Project3_ApplicationMBlaze'...
11:07:46 INFO  : Disconnected from the channel tcfchan#14.
11:07:46 INFO  : Connected to target on host '127.0.0.1' and port '3121'.
11:07:46 INFO  : Jtag cable 'Digilent Nexys A7 -100T 210292B17F4AA' is selected.
11:07:46 INFO  : 'jtag frequency' command is executed.
11:07:46 INFO  : 'targets -set -filter {jtag_cable_name =~ "Digilent Nexys A7 -100T 210292B17F4AA" && level==0 && jtag_device_ctx=="jsn-Nexys A7 -100T-210292B17F4AA-13631093-0"}' command is executed.
11:07:49 INFO  : Device configured successfully with "D:/PortlandState/ECE_544/Labs/project_3/Vitis/Project3_ApplicationMBlaze/_ide/bitstream/nexysA7fpga.bit"
11:07:49 INFO  : Context for processor 'microblaze_0' is selected.
11:07:49 INFO  : Hardware design and registers information is loaded from 'D:/PortlandState/ECE_544/Labs/project_3/Vitis/Project3_MBlaze_Platform/export/Project3_MBlaze_Platform/hw/nexysA7fpga.xsa'.
11:07:49 INFO  : 'configparams mdm-detect-bscan-mask 2' command is executed.
11:07:49 INFO  : Context for processor 'microblaze_0' is selected.
11:07:49 INFO  : System reset is completed.
11:07:52 INFO  : 'after 3000' command is executed.
11:07:52 INFO  : Context for processor 'microblaze_0' is selected.
11:07:52 INFO  : The application 'D:/PortlandState/ECE_544/Labs/project_3/Vitis/Project3_ApplicationMBlaze/Debug/Project3_ApplicationMBlaze.elf' is downloaded to processor 'microblaze_0'.
11:07:52 INFO  : ----------------XSDB Script----------------
connect -url tcp:127.0.0.1:3121
targets -set -filter {jtag_cable_name =~ "Digilent Nexys A7 -100T 210292B17F4AA" && level==0 && jtag_device_ctx=="jsn-Nexys A7 -100T-210292B17F4AA-13631093-0"}
fpga -file D:/PortlandState/ECE_544/Labs/project_3/Vitis/Project3_ApplicationMBlaze/_ide/bitstream/nexysA7fpga.bit
targets -set -nocase -filter {name =~ "*microblaze*#0" && bscan=="USER2" }
loadhw -hw D:/PortlandState/ECE_544/Labs/project_3/Vitis/Project3_MBlaze_Platform/export/Project3_MBlaze_Platform/hw/nexysA7fpga.xsa -regs
configparams mdm-detect-bscan-mask 2
targets -set -nocase -filter {name =~ "*microblaze*#0" && bscan=="USER2" }
rst -system
after 3000
targets -set -nocase -filter {name =~ "*microblaze*#0" && bscan=="USER2" }
dow D:/PortlandState/ECE_544/Labs/project_3/Vitis/Project3_ApplicationMBlaze/Debug/Project3_ApplicationMBlaze.elf
----------------End of Script----------------

11:07:52 INFO  : Context for processor 'microblaze_0' is selected.
11:07:52 INFO  : 'con' command is executed.
11:07:52 INFO  : ----------------XSDB Script (After Launch)----------------
targets -set -nocase -filter {name =~ "*microblaze*#0" && bscan=="USER2" }
con
----------------End of Script----------------

11:07:52 INFO  : Launch script is exported to file 'D:\PortlandState\ECE_544\Labs\project_3\Vitis\Project3_ApplicationMBlaze_system\_ide\scripts\systemdebugger_project3_applicationmblaze_system_standalone.tcl'
11:08:37 INFO  : Checking for BSP changes to sync application flags for project 'Project3_ApplicationMBlaze'...
11:08:40 INFO  : Disconnected from the channel tcfchan#15.
11:08:40 INFO  : Connected to target on host '127.0.0.1' and port '3121'.
11:08:40 INFO  : Jtag cable 'Digilent Nexys A7 -100T 210292B17F4AA' is selected.
11:08:40 INFO  : 'jtag frequency' command is executed.
11:08:40 INFO  : 'targets -set -filter {jtag_cable_name =~ "Digilent Nexys A7 -100T 210292B17F4AA" && level==0 && jtag_device_ctx=="jsn-Nexys A7 -100T-210292B17F4AA-13631093-0"}' command is executed.
11:08:42 INFO  : Device configured successfully with "D:/PortlandState/ECE_544/Labs/project_3/Vitis/Project3_ApplicationMBlaze/_ide/bitstream/nexysA7fpga.bit"
11:08:42 INFO  : Context for processor 'microblaze_0' is selected.
11:08:42 INFO  : Hardware design and registers information is loaded from 'D:/PortlandState/ECE_544/Labs/project_3/Vitis/Project3_MBlaze_Platform/export/Project3_MBlaze_Platform/hw/nexysA7fpga.xsa'.
11:08:42 INFO  : 'configparams mdm-detect-bscan-mask 2' command is executed.
11:08:42 INFO  : Context for processor 'microblaze_0' is selected.
11:08:42 INFO  : System reset is completed.
11:08:45 INFO  : 'after 3000' command is executed.
11:08:45 INFO  : Context for processor 'microblaze_0' is selected.
11:08:46 INFO  : The application 'D:/PortlandState/ECE_544/Labs/project_3/Vitis/Project3_ApplicationMBlaze/Debug/Project3_ApplicationMBlaze.elf' is downloaded to processor 'microblaze_0'.
11:08:46 INFO  : ----------------XSDB Script----------------
connect -url tcp:127.0.0.1:3121
targets -set -filter {jtag_cable_name =~ "Digilent Nexys A7 -100T 210292B17F4AA" && level==0 && jtag_device_ctx=="jsn-Nexys A7 -100T-210292B17F4AA-13631093-0"}
fpga -file D:/PortlandState/ECE_544/Labs/project_3/Vitis/Project3_ApplicationMBlaze/_ide/bitstream/nexysA7fpga.bit
targets -set -nocase -filter {name =~ "*microblaze*#0" && bscan=="USER2" }
loadhw -hw D:/PortlandState/ECE_544/Labs/project_3/Vitis/Project3_MBlaze_Platform/export/Project3_MBlaze_Platform/hw/nexysA7fpga.xsa -regs
configparams mdm-detect-bscan-mask 2
targets -set -nocase -filter {name =~ "*microblaze*#0" && bscan=="USER2" }
rst -system
after 3000
targets -set -nocase -filter {name =~ "*microblaze*#0" && bscan=="USER2" }
dow D:/PortlandState/ECE_544/Labs/project_3/Vitis/Project3_ApplicationMBlaze/Debug/Project3_ApplicationMBlaze.elf
----------------End of Script----------------

11:08:46 INFO  : Context for processor 'microblaze_0' is selected.
11:08:46 INFO  : 'con' command is executed.
11:08:46 INFO  : ----------------XSDB Script (After Launch)----------------
targets -set -nocase -filter {name =~ "*microblaze*#0" && bscan=="USER2" }
con
----------------End of Script----------------

11:08:46 INFO  : Launch script is exported to file 'D:\PortlandState\ECE_544\Labs\project_3\Vitis\Project3_ApplicationMBlaze_system\_ide\scripts\systemdebugger_project3_applicationmblaze_system_standalone.tcl'
11:11:34 INFO  : Checking for BSP changes to sync application flags for project 'Project3_ApplicationMBlaze'...
11:11:37 INFO  : Disconnected from the channel tcfchan#16.
11:11:37 INFO  : Connected to target on host '127.0.0.1' and port '3121'.
11:11:38 INFO  : Jtag cable 'Digilent Nexys A7 -100T 210292B17F4AA' is selected.
11:11:38 INFO  : 'jtag frequency' command is executed.
11:11:38 INFO  : 'targets -set -filter {jtag_cable_name =~ "Digilent Nexys A7 -100T 210292B17F4AA" && level==0 && jtag_device_ctx=="jsn-Nexys A7 -100T-210292B17F4AA-13631093-0"}' command is executed.
11:11:40 INFO  : Device configured successfully with "D:/PortlandState/ECE_544/Labs/project_3/Vitis/Project3_ApplicationMBlaze/_ide/bitstream/nexysA7fpga.bit"
11:11:40 INFO  : Context for processor 'microblaze_0' is selected.
11:11:40 INFO  : Hardware design and registers information is loaded from 'D:/PortlandState/ECE_544/Labs/project_3/Vitis/Project3_MBlaze_Platform/export/Project3_MBlaze_Platform/hw/nexysA7fpga.xsa'.
11:11:40 INFO  : 'configparams mdm-detect-bscan-mask 2' command is executed.
11:11:40 INFO  : Context for processor 'microblaze_0' is selected.
11:11:40 INFO  : System reset is completed.
11:11:43 INFO  : 'after 3000' command is executed.
11:11:43 INFO  : Context for processor 'microblaze_0' is selected.
11:11:43 INFO  : The application 'D:/PortlandState/ECE_544/Labs/project_3/Vitis/Project3_ApplicationMBlaze/Debug/Project3_ApplicationMBlaze.elf' is downloaded to processor 'microblaze_0'.
11:11:43 INFO  : ----------------XSDB Script----------------
connect -url tcp:127.0.0.1:3121
targets -set -filter {jtag_cable_name =~ "Digilent Nexys A7 -100T 210292B17F4AA" && level==0 && jtag_device_ctx=="jsn-Nexys A7 -100T-210292B17F4AA-13631093-0"}
fpga -file D:/PortlandState/ECE_544/Labs/project_3/Vitis/Project3_ApplicationMBlaze/_ide/bitstream/nexysA7fpga.bit
targets -set -nocase -filter {name =~ "*microblaze*#0" && bscan=="USER2" }
loadhw -hw D:/PortlandState/ECE_544/Labs/project_3/Vitis/Project3_MBlaze_Platform/export/Project3_MBlaze_Platform/hw/nexysA7fpga.xsa -regs
configparams mdm-detect-bscan-mask 2
targets -set -nocase -filter {name =~ "*microblaze*#0" && bscan=="USER2" }
rst -system
after 3000
targets -set -nocase -filter {name =~ "*microblaze*#0" && bscan=="USER2" }
dow D:/PortlandState/ECE_544/Labs/project_3/Vitis/Project3_ApplicationMBlaze/Debug/Project3_ApplicationMBlaze.elf
----------------End of Script----------------

11:11:44 INFO  : Context for processor 'microblaze_0' is selected.
11:11:44 INFO  : 'con' command is executed.
11:11:44 INFO  : ----------------XSDB Script (After Launch)----------------
targets -set -nocase -filter {name =~ "*microblaze*#0" && bscan=="USER2" }
con
----------------End of Script----------------

11:11:44 INFO  : Launch script is exported to file 'D:\PortlandState\ECE_544\Labs\project_3\Vitis\Project3_ApplicationMBlaze_system\_ide\scripts\systemdebugger_project3_applicationmblaze_system_standalone.tcl'
11:13:16 INFO  : Checking for BSP changes to sync application flags for project 'Project3_ApplicationMBlaze'...
11:13:18 INFO  : Disconnected from the channel tcfchan#17.
11:13:19 INFO  : Connected to target on host '127.0.0.1' and port '3121'.
11:13:19 INFO  : Jtag cable 'Digilent Nexys A7 -100T 210292B17F4AA' is selected.
11:13:19 INFO  : 'jtag frequency' command is executed.
11:13:19 INFO  : 'targets -set -filter {jtag_cable_name =~ "Digilent Nexys A7 -100T 210292B17F4AA" && level==0 && jtag_device_ctx=="jsn-Nexys A7 -100T-210292B17F4AA-13631093-0"}' command is executed.
11:13:21 INFO  : Device configured successfully with "D:/PortlandState/ECE_544/Labs/project_3/Vitis/Project3_ApplicationMBlaze/_ide/bitstream/nexysA7fpga.bit"
11:13:21 INFO  : Context for processor 'microblaze_0' is selected.
11:13:21 INFO  : Hardware design and registers information is loaded from 'D:/PortlandState/ECE_544/Labs/project_3/Vitis/Project3_MBlaze_Platform/export/Project3_MBlaze_Platform/hw/nexysA7fpga.xsa'.
11:13:21 INFO  : 'configparams mdm-detect-bscan-mask 2' command is executed.
11:13:21 INFO  : Context for processor 'microblaze_0' is selected.
11:13:21 INFO  : System reset is completed.
11:13:24 INFO  : 'after 3000' command is executed.
11:13:24 INFO  : Context for processor 'microblaze_0' is selected.
11:13:24 INFO  : The application 'D:/PortlandState/ECE_544/Labs/project_3/Vitis/Project3_ApplicationMBlaze/Debug/Project3_ApplicationMBlaze.elf' is downloaded to processor 'microblaze_0'.
11:13:24 INFO  : ----------------XSDB Script----------------
connect -url tcp:127.0.0.1:3121
targets -set -filter {jtag_cable_name =~ "Digilent Nexys A7 -100T 210292B17F4AA" && level==0 && jtag_device_ctx=="jsn-Nexys A7 -100T-210292B17F4AA-13631093-0"}
fpga -file D:/PortlandState/ECE_544/Labs/project_3/Vitis/Project3_ApplicationMBlaze/_ide/bitstream/nexysA7fpga.bit
targets -set -nocase -filter {name =~ "*microblaze*#0" && bscan=="USER2" }
loadhw -hw D:/PortlandState/ECE_544/Labs/project_3/Vitis/Project3_MBlaze_Platform/export/Project3_MBlaze_Platform/hw/nexysA7fpga.xsa -regs
configparams mdm-detect-bscan-mask 2
targets -set -nocase -filter {name =~ "*microblaze*#0" && bscan=="USER2" }
rst -system
after 3000
targets -set -nocase -filter {name =~ "*microblaze*#0" && bscan=="USER2" }
dow D:/PortlandState/ECE_544/Labs/project_3/Vitis/Project3_ApplicationMBlaze/Debug/Project3_ApplicationMBlaze.elf
----------------End of Script----------------

11:13:25 INFO  : Context for processor 'microblaze_0' is selected.
11:13:25 INFO  : 'con' command is executed.
11:13:25 INFO  : ----------------XSDB Script (After Launch)----------------
targets -set -nocase -filter {name =~ "*microblaze*#0" && bscan=="USER2" }
con
----------------End of Script----------------

11:13:25 INFO  : Launch script is exported to file 'D:\PortlandState\ECE_544\Labs\project_3\Vitis\Project3_ApplicationMBlaze_system\_ide\scripts\systemdebugger_project3_applicationmblaze_system_standalone.tcl'
11:15:46 INFO  : Checking for BSP changes to sync application flags for project 'Project3_ApplicationMBlaze'...
11:15:50 INFO  : Disconnected from the channel tcfchan#18.
11:15:50 INFO  : Connected to target on host '127.0.0.1' and port '3121'.
11:15:51 INFO  : Jtag cable 'Digilent Nexys A7 -100T 210292B17F4AA' is selected.
11:15:51 INFO  : 'jtag frequency' command is executed.
11:15:51 INFO  : 'targets -set -filter {jtag_cable_name =~ "Digilent Nexys A7 -100T 210292B17F4AA" && level==0 && jtag_device_ctx=="jsn-Nexys A7 -100T-210292B17F4AA-13631093-0"}' command is executed.
11:15:53 INFO  : Device configured successfully with "D:/PortlandState/ECE_544/Labs/project_3/Vitis/Project3_ApplicationMBlaze/_ide/bitstream/nexysA7fpga.bit"
11:15:53 INFO  : Context for processor 'microblaze_0' is selected.
11:15:53 INFO  : Hardware design and registers information is loaded from 'D:/PortlandState/ECE_544/Labs/project_3/Vitis/Project3_MBlaze_Platform/export/Project3_MBlaze_Platform/hw/nexysA7fpga.xsa'.
11:15:53 INFO  : 'configparams mdm-detect-bscan-mask 2' command is executed.
11:15:53 INFO  : Context for processor 'microblaze_0' is selected.
11:15:53 INFO  : System reset is completed.
11:15:56 INFO  : 'after 3000' command is executed.
11:15:56 INFO  : Context for processor 'microblaze_0' is selected.
11:15:56 INFO  : The application 'D:/PortlandState/ECE_544/Labs/project_3/Vitis/Project3_ApplicationMBlaze/Debug/Project3_ApplicationMBlaze.elf' is downloaded to processor 'microblaze_0'.
11:15:56 INFO  : ----------------XSDB Script----------------
connect -url tcp:127.0.0.1:3121
targets -set -filter {jtag_cable_name =~ "Digilent Nexys A7 -100T 210292B17F4AA" && level==0 && jtag_device_ctx=="jsn-Nexys A7 -100T-210292B17F4AA-13631093-0"}
fpga -file D:/PortlandState/ECE_544/Labs/project_3/Vitis/Project3_ApplicationMBlaze/_ide/bitstream/nexysA7fpga.bit
targets -set -nocase -filter {name =~ "*microblaze*#0" && bscan=="USER2" }
loadhw -hw D:/PortlandState/ECE_544/Labs/project_3/Vitis/Project3_MBlaze_Platform/export/Project3_MBlaze_Platform/hw/nexysA7fpga.xsa -regs
configparams mdm-detect-bscan-mask 2
targets -set -nocase -filter {name =~ "*microblaze*#0" && bscan=="USER2" }
rst -system
after 3000
targets -set -nocase -filter {name =~ "*microblaze*#0" && bscan=="USER2" }
dow D:/PortlandState/ECE_544/Labs/project_3/Vitis/Project3_ApplicationMBlaze/Debug/Project3_ApplicationMBlaze.elf
----------------End of Script----------------

11:15:56 INFO  : Context for processor 'microblaze_0' is selected.
11:15:57 INFO  : 'con' command is executed.
11:15:57 INFO  : ----------------XSDB Script (After Launch)----------------
targets -set -nocase -filter {name =~ "*microblaze*#0" && bscan=="USER2" }
con
----------------End of Script----------------

11:15:57 INFO  : Launch script is exported to file 'D:\PortlandState\ECE_544\Labs\project_3\Vitis\Project3_ApplicationMBlaze_system\_ide\scripts\systemdebugger_project3_applicationmblaze_system_standalone.tcl'
11:18:06 INFO  : Checking for BSP changes to sync application flags for project 'Project3_ApplicationMBlaze'...
11:18:43 INFO  : Checking for BSP changes to sync application flags for project 'Project3_ApplicationMBlaze'...
11:18:45 INFO  : Disconnected from the channel tcfchan#19.
11:18:45 INFO  : Connected to target on host '127.0.0.1' and port '3121'.
11:18:46 INFO  : Jtag cable 'Digilent Nexys A7 -100T 210292B17F4AA' is selected.
11:18:46 INFO  : 'jtag frequency' command is executed.
11:18:46 INFO  : 'targets -set -filter {jtag_cable_name =~ "Digilent Nexys A7 -100T 210292B17F4AA" && level==0 && jtag_device_ctx=="jsn-Nexys A7 -100T-210292B17F4AA-13631093-0"}' command is executed.
11:18:48 INFO  : Device configured successfully with "D:/PortlandState/ECE_544/Labs/project_3/Vitis/Project3_ApplicationMBlaze/_ide/bitstream/nexysA7fpga.bit"
11:18:48 INFO  : Context for processor 'microblaze_0' is selected.
11:18:48 INFO  : Hardware design and registers information is loaded from 'D:/PortlandState/ECE_544/Labs/project_3/Vitis/Project3_MBlaze_Platform/export/Project3_MBlaze_Platform/hw/nexysA7fpga.xsa'.
11:18:48 INFO  : 'configparams mdm-detect-bscan-mask 2' command is executed.
11:18:48 INFO  : Context for processor 'microblaze_0' is selected.
11:18:48 INFO  : System reset is completed.
11:18:51 INFO  : 'after 3000' command is executed.
11:18:51 INFO  : Context for processor 'microblaze_0' is selected.
11:18:51 INFO  : The application 'D:/PortlandState/ECE_544/Labs/project_3/Vitis/Project3_ApplicationMBlaze/Debug/Project3_ApplicationMBlaze.elf' is downloaded to processor 'microblaze_0'.
11:18:51 INFO  : ----------------XSDB Script----------------
connect -url tcp:127.0.0.1:3121
targets -set -filter {jtag_cable_name =~ "Digilent Nexys A7 -100T 210292B17F4AA" && level==0 && jtag_device_ctx=="jsn-Nexys A7 -100T-210292B17F4AA-13631093-0"}
fpga -file D:/PortlandState/ECE_544/Labs/project_3/Vitis/Project3_ApplicationMBlaze/_ide/bitstream/nexysA7fpga.bit
targets -set -nocase -filter {name =~ "*microblaze*#0" && bscan=="USER2" }
loadhw -hw D:/PortlandState/ECE_544/Labs/project_3/Vitis/Project3_MBlaze_Platform/export/Project3_MBlaze_Platform/hw/nexysA7fpga.xsa -regs
configparams mdm-detect-bscan-mask 2
targets -set -nocase -filter {name =~ "*microblaze*#0" && bscan=="USER2" }
rst -system
after 3000
targets -set -nocase -filter {name =~ "*microblaze*#0" && bscan=="USER2" }
dow D:/PortlandState/ECE_544/Labs/project_3/Vitis/Project3_ApplicationMBlaze/Debug/Project3_ApplicationMBlaze.elf
----------------End of Script----------------

11:18:51 INFO  : Context for processor 'microblaze_0' is selected.
11:18:52 INFO  : 'con' command is executed.
11:18:52 INFO  : ----------------XSDB Script (After Launch)----------------
targets -set -nocase -filter {name =~ "*microblaze*#0" && bscan=="USER2" }
con
----------------End of Script----------------

11:18:52 INFO  : Launch script is exported to file 'D:\PortlandState\ECE_544\Labs\project_3\Vitis\Project3_ApplicationMBlaze_system\_ide\scripts\systemdebugger_project3_applicationmblaze_system_standalone.tcl'
11:22:13 INFO  : Checking for BSP changes to sync application flags for project 'Project3_ApplicationMBlaze'...
11:22:15 INFO  : Disconnected from the channel tcfchan#20.
11:22:15 INFO  : Connected to target on host '127.0.0.1' and port '3121'.
11:22:15 INFO  : Jtag cable 'Digilent Nexys A7 -100T 210292B17F4AA' is selected.
11:22:15 INFO  : 'jtag frequency' command is executed.
11:22:16 INFO  : 'targets -set -filter {jtag_cable_name =~ "Digilent Nexys A7 -100T 210292B17F4AA" && level==0 && jtag_device_ctx=="jsn-Nexys A7 -100T-210292B17F4AA-13631093-0"}' command is executed.
11:22:18 INFO  : Device configured successfully with "D:/PortlandState/ECE_544/Labs/project_3/Vitis/Project3_ApplicationMBlaze/_ide/bitstream/nexysA7fpga.bit"
11:22:18 INFO  : Context for processor 'microblaze_0' is selected.
11:22:18 INFO  : Hardware design and registers information is loaded from 'D:/PortlandState/ECE_544/Labs/project_3/Vitis/Project3_MBlaze_Platform/export/Project3_MBlaze_Platform/hw/nexysA7fpga.xsa'.
11:22:18 INFO  : 'configparams mdm-detect-bscan-mask 2' command is executed.
11:22:18 INFO  : Context for processor 'microblaze_0' is selected.
11:22:18 INFO  : System reset is completed.
11:22:21 INFO  : 'after 3000' command is executed.
11:22:21 INFO  : Context for processor 'microblaze_0' is selected.
11:22:21 INFO  : The application 'D:/PortlandState/ECE_544/Labs/project_3/Vitis/Project3_ApplicationMBlaze/Debug/Project3_ApplicationMBlaze.elf' is downloaded to processor 'microblaze_0'.
11:22:21 INFO  : ----------------XSDB Script----------------
connect -url tcp:127.0.0.1:3121
targets -set -filter {jtag_cable_name =~ "Digilent Nexys A7 -100T 210292B17F4AA" && level==0 && jtag_device_ctx=="jsn-Nexys A7 -100T-210292B17F4AA-13631093-0"}
fpga -file D:/PortlandState/ECE_544/Labs/project_3/Vitis/Project3_ApplicationMBlaze/_ide/bitstream/nexysA7fpga.bit
targets -set -nocase -filter {name =~ "*microblaze*#0" && bscan=="USER2" }
loadhw -hw D:/PortlandState/ECE_544/Labs/project_3/Vitis/Project3_MBlaze_Platform/export/Project3_MBlaze_Platform/hw/nexysA7fpga.xsa -regs
configparams mdm-detect-bscan-mask 2
targets -set -nocase -filter {name =~ "*microblaze*#0" && bscan=="USER2" }
rst -system
after 3000
targets -set -nocase -filter {name =~ "*microblaze*#0" && bscan=="USER2" }
dow D:/PortlandState/ECE_544/Labs/project_3/Vitis/Project3_ApplicationMBlaze/Debug/Project3_ApplicationMBlaze.elf
----------------End of Script----------------

11:22:21 INFO  : Context for processor 'microblaze_0' is selected.
11:22:22 INFO  : 'con' command is executed.
11:22:22 INFO  : ----------------XSDB Script (After Launch)----------------
targets -set -nocase -filter {name =~ "*microblaze*#0" && bscan=="USER2" }
con
----------------End of Script----------------

11:22:22 INFO  : Launch script is exported to file 'D:\PortlandState\ECE_544\Labs\project_3\Vitis\Project3_ApplicationMBlaze_system\_ide\scripts\systemdebugger_project3_applicationmblaze_system_standalone.tcl'
11:25:04 INFO  : Checking for BSP changes to sync application flags for project 'Project3_ApplicationMBlaze'...
11:25:06 INFO  : Disconnected from the channel tcfchan#21.
11:25:07 INFO  : Connected to target on host '127.0.0.1' and port '3121'.
11:25:07 INFO  : Jtag cable 'Digilent Nexys A7 -100T 210292B17F4AA' is selected.
11:25:07 INFO  : 'jtag frequency' command is executed.
11:25:07 INFO  : 'targets -set -filter {jtag_cable_name =~ "Digilent Nexys A7 -100T 210292B17F4AA" && level==0 && jtag_device_ctx=="jsn-Nexys A7 -100T-210292B17F4AA-13631093-0"}' command is executed.
11:25:09 INFO  : Device configured successfully with "D:/PortlandState/ECE_544/Labs/project_3/Vitis/Project3_ApplicationMBlaze/_ide/bitstream/nexysA7fpga.bit"
11:25:09 INFO  : Context for processor 'microblaze_0' is selected.
11:25:09 INFO  : Hardware design and registers information is loaded from 'D:/PortlandState/ECE_544/Labs/project_3/Vitis/Project3_MBlaze_Platform/export/Project3_MBlaze_Platform/hw/nexysA7fpga.xsa'.
11:25:09 INFO  : 'configparams mdm-detect-bscan-mask 2' command is executed.
11:25:09 INFO  : Context for processor 'microblaze_0' is selected.
11:25:09 INFO  : System reset is completed.
11:25:12 INFO  : 'after 3000' command is executed.
11:25:12 INFO  : Context for processor 'microblaze_0' is selected.
11:25:12 INFO  : The application 'D:/PortlandState/ECE_544/Labs/project_3/Vitis/Project3_ApplicationMBlaze/Debug/Project3_ApplicationMBlaze.elf' is downloaded to processor 'microblaze_0'.
11:25:12 INFO  : ----------------XSDB Script----------------
connect -url tcp:127.0.0.1:3121
targets -set -filter {jtag_cable_name =~ "Digilent Nexys A7 -100T 210292B17F4AA" && level==0 && jtag_device_ctx=="jsn-Nexys A7 -100T-210292B17F4AA-13631093-0"}
fpga -file D:/PortlandState/ECE_544/Labs/project_3/Vitis/Project3_ApplicationMBlaze/_ide/bitstream/nexysA7fpga.bit
targets -set -nocase -filter {name =~ "*microblaze*#0" && bscan=="USER2" }
loadhw -hw D:/PortlandState/ECE_544/Labs/project_3/Vitis/Project3_MBlaze_Platform/export/Project3_MBlaze_Platform/hw/nexysA7fpga.xsa -regs
configparams mdm-detect-bscan-mask 2
targets -set -nocase -filter {name =~ "*microblaze*#0" && bscan=="USER2" }
rst -system
after 3000
targets -set -nocase -filter {name =~ "*microblaze*#0" && bscan=="USER2" }
dow D:/PortlandState/ECE_544/Labs/project_3/Vitis/Project3_ApplicationMBlaze/Debug/Project3_ApplicationMBlaze.elf
----------------End of Script----------------

11:25:13 INFO  : Context for processor 'microblaze_0' is selected.
11:25:13 INFO  : 'con' command is executed.
11:25:13 INFO  : ----------------XSDB Script (After Launch)----------------
targets -set -nocase -filter {name =~ "*microblaze*#0" && bscan=="USER2" }
con
----------------End of Script----------------

11:25:13 INFO  : Launch script is exported to file 'D:\PortlandState\ECE_544\Labs\project_3\Vitis\Project3_ApplicationMBlaze_system\_ide\scripts\systemdebugger_project3_applicationmblaze_system_standalone.tcl'
11:29:05 INFO  : Checking for BSP changes to sync application flags for project 'Project3_ApplicationMBlaze'...
11:29:08 INFO  : Disconnected from the channel tcfchan#22.
11:29:08 INFO  : Connected to target on host '127.0.0.1' and port '3121'.
11:29:08 INFO  : Jtag cable 'Digilent Nexys A7 -100T 210292B17F4AA' is selected.
11:29:08 INFO  : 'jtag frequency' command is executed.
11:29:08 INFO  : 'targets -set -filter {jtag_cable_name =~ "Digilent Nexys A7 -100T 210292B17F4AA" && level==0 && jtag_device_ctx=="jsn-Nexys A7 -100T-210292B17F4AA-13631093-0"}' command is executed.
11:29:10 INFO  : Device configured successfully with "D:/PortlandState/ECE_544/Labs/project_3/Vitis/Project3_ApplicationMBlaze/_ide/bitstream/nexysA7fpga.bit"
11:29:10 INFO  : Context for processor 'microblaze_0' is selected.
11:29:10 INFO  : Hardware design and registers information is loaded from 'D:/PortlandState/ECE_544/Labs/project_3/Vitis/Project3_MBlaze_Platform/export/Project3_MBlaze_Platform/hw/nexysA7fpga.xsa'.
11:29:10 INFO  : 'configparams mdm-detect-bscan-mask 2' command is executed.
11:29:11 INFO  : Context for processor 'microblaze_0' is selected.
11:29:11 INFO  : System reset is completed.
11:29:14 INFO  : 'after 3000' command is executed.
11:29:14 INFO  : Context for processor 'microblaze_0' is selected.
11:29:14 INFO  : The application 'D:/PortlandState/ECE_544/Labs/project_3/Vitis/Project3_ApplicationMBlaze/Debug/Project3_ApplicationMBlaze.elf' is downloaded to processor 'microblaze_0'.
11:29:14 INFO  : ----------------XSDB Script----------------
connect -url tcp:127.0.0.1:3121
targets -set -filter {jtag_cable_name =~ "Digilent Nexys A7 -100T 210292B17F4AA" && level==0 && jtag_device_ctx=="jsn-Nexys A7 -100T-210292B17F4AA-13631093-0"}
fpga -file D:/PortlandState/ECE_544/Labs/project_3/Vitis/Project3_ApplicationMBlaze/_ide/bitstream/nexysA7fpga.bit
targets -set -nocase -filter {name =~ "*microblaze*#0" && bscan=="USER2" }
loadhw -hw D:/PortlandState/ECE_544/Labs/project_3/Vitis/Project3_MBlaze_Platform/export/Project3_MBlaze_Platform/hw/nexysA7fpga.xsa -regs
configparams mdm-detect-bscan-mask 2
targets -set -nocase -filter {name =~ "*microblaze*#0" && bscan=="USER2" }
rst -system
after 3000
targets -set -nocase -filter {name =~ "*microblaze*#0" && bscan=="USER2" }
dow D:/PortlandState/ECE_544/Labs/project_3/Vitis/Project3_ApplicationMBlaze/Debug/Project3_ApplicationMBlaze.elf
----------------End of Script----------------

11:29:14 INFO  : Context for processor 'microblaze_0' is selected.
11:29:14 INFO  : 'con' command is executed.
11:29:14 INFO  : ----------------XSDB Script (After Launch)----------------
targets -set -nocase -filter {name =~ "*microblaze*#0" && bscan=="USER2" }
con
----------------End of Script----------------

11:29:14 INFO  : Launch script is exported to file 'D:\PortlandState\ECE_544\Labs\project_3\Vitis\Project3_ApplicationMBlaze_system\_ide\scripts\systemdebugger_project3_applicationmblaze_system_standalone.tcl'
11:31:13 INFO  : Checking for BSP changes to sync application flags for project 'Project3_ApplicationMBlaze'...
11:31:16 INFO  : Disconnected from the channel tcfchan#23.
11:31:16 INFO  : Connected to target on host '127.0.0.1' and port '3121'.
11:31:16 INFO  : Jtag cable 'Digilent Nexys A7 -100T 210292B17F4AA' is selected.
11:31:16 INFO  : 'jtag frequency' command is executed.
11:31:16 INFO  : 'targets -set -filter {jtag_cable_name =~ "Digilent Nexys A7 -100T 210292B17F4AA" && level==0 && jtag_device_ctx=="jsn-Nexys A7 -100T-210292B17F4AA-13631093-0"}' command is executed.
11:31:18 INFO  : Device configured successfully with "D:/PortlandState/ECE_544/Labs/project_3/Vitis/Project3_ApplicationMBlaze/_ide/bitstream/nexysA7fpga.bit"
11:31:18 INFO  : Context for processor 'microblaze_0' is selected.
11:31:18 INFO  : Hardware design and registers information is loaded from 'D:/PortlandState/ECE_544/Labs/project_3/Vitis/Project3_MBlaze_Platform/export/Project3_MBlaze_Platform/hw/nexysA7fpga.xsa'.
11:31:18 INFO  : 'configparams mdm-detect-bscan-mask 2' command is executed.
11:31:18 INFO  : Context for processor 'microblaze_0' is selected.
11:31:19 INFO  : System reset is completed.
11:31:22 INFO  : 'after 3000' command is executed.
11:31:22 INFO  : Context for processor 'microblaze_0' is selected.
11:31:22 INFO  : The application 'D:/PortlandState/ECE_544/Labs/project_3/Vitis/Project3_ApplicationMBlaze/Debug/Project3_ApplicationMBlaze.elf' is downloaded to processor 'microblaze_0'.
11:31:22 INFO  : ----------------XSDB Script----------------
connect -url tcp:127.0.0.1:3121
targets -set -filter {jtag_cable_name =~ "Digilent Nexys A7 -100T 210292B17F4AA" && level==0 && jtag_device_ctx=="jsn-Nexys A7 -100T-210292B17F4AA-13631093-0"}
fpga -file D:/PortlandState/ECE_544/Labs/project_3/Vitis/Project3_ApplicationMBlaze/_ide/bitstream/nexysA7fpga.bit
targets -set -nocase -filter {name =~ "*microblaze*#0" && bscan=="USER2" }
loadhw -hw D:/PortlandState/ECE_544/Labs/project_3/Vitis/Project3_MBlaze_Platform/export/Project3_MBlaze_Platform/hw/nexysA7fpga.xsa -regs
configparams mdm-detect-bscan-mask 2
targets -set -nocase -filter {name =~ "*microblaze*#0" && bscan=="USER2" }
rst -system
after 3000
targets -set -nocase -filter {name =~ "*microblaze*#0" && bscan=="USER2" }
dow D:/PortlandState/ECE_544/Labs/project_3/Vitis/Project3_ApplicationMBlaze/Debug/Project3_ApplicationMBlaze.elf
----------------End of Script----------------

11:31:22 INFO  : Context for processor 'microblaze_0' is selected.
11:31:22 INFO  : 'con' command is executed.
11:31:22 INFO  : ----------------XSDB Script (After Launch)----------------
targets -set -nocase -filter {name =~ "*microblaze*#0" && bscan=="USER2" }
con
----------------End of Script----------------

11:31:22 INFO  : Launch script is exported to file 'D:\PortlandState\ECE_544\Labs\project_3\Vitis\Project3_ApplicationMBlaze_system\_ide\scripts\systemdebugger_project3_applicationmblaze_system_standalone.tcl'
11:33:29 INFO  : Checking for BSP changes to sync application flags for project 'Project3_ApplicationMBlaze'...
11:33:32 INFO  : Disconnected from the channel tcfchan#24.
11:33:32 INFO  : Connected to target on host '127.0.0.1' and port '3121'.
11:33:32 INFO  : Jtag cable 'Digilent Nexys A7 -100T 210292B17F4AA' is selected.
11:33:32 INFO  : 'jtag frequency' command is executed.
11:33:32 INFO  : 'targets -set -filter {jtag_cable_name =~ "Digilent Nexys A7 -100T 210292B17F4AA" && level==0 && jtag_device_ctx=="jsn-Nexys A7 -100T-210292B17F4AA-13631093-0"}' command is executed.
11:33:35 INFO  : Device configured successfully with "D:/PortlandState/ECE_544/Labs/project_3/Vitis/Project3_ApplicationMBlaze/_ide/bitstream/nexysA7fpga.bit"
11:33:35 INFO  : Context for processor 'microblaze_0' is selected.
11:33:35 INFO  : Hardware design and registers information is loaded from 'D:/PortlandState/ECE_544/Labs/project_3/Vitis/Project3_MBlaze_Platform/export/Project3_MBlaze_Platform/hw/nexysA7fpga.xsa'.
11:33:35 INFO  : 'configparams mdm-detect-bscan-mask 2' command is executed.
11:33:35 INFO  : Context for processor 'microblaze_0' is selected.
11:33:35 INFO  : System reset is completed.
11:33:38 INFO  : 'after 3000' command is executed.
11:33:38 INFO  : Context for processor 'microblaze_0' is selected.
11:33:38 INFO  : The application 'D:/PortlandState/ECE_544/Labs/project_3/Vitis/Project3_ApplicationMBlaze/Debug/Project3_ApplicationMBlaze.elf' is downloaded to processor 'microblaze_0'.
11:33:38 INFO  : ----------------XSDB Script----------------
connect -url tcp:127.0.0.1:3121
targets -set -filter {jtag_cable_name =~ "Digilent Nexys A7 -100T 210292B17F4AA" && level==0 && jtag_device_ctx=="jsn-Nexys A7 -100T-210292B17F4AA-13631093-0"}
fpga -file D:/PortlandState/ECE_544/Labs/project_3/Vitis/Project3_ApplicationMBlaze/_ide/bitstream/nexysA7fpga.bit
targets -set -nocase -filter {name =~ "*microblaze*#0" && bscan=="USER2" }
loadhw -hw D:/PortlandState/ECE_544/Labs/project_3/Vitis/Project3_MBlaze_Platform/export/Project3_MBlaze_Platform/hw/nexysA7fpga.xsa -regs
configparams mdm-detect-bscan-mask 2
targets -set -nocase -filter {name =~ "*microblaze*#0" && bscan=="USER2" }
rst -system
after 3000
targets -set -nocase -filter {name =~ "*microblaze*#0" && bscan=="USER2" }
dow D:/PortlandState/ECE_544/Labs/project_3/Vitis/Project3_ApplicationMBlaze/Debug/Project3_ApplicationMBlaze.elf
----------------End of Script----------------

11:33:38 INFO  : Context for processor 'microblaze_0' is selected.
11:33:38 INFO  : 'con' command is executed.
11:33:38 INFO  : ----------------XSDB Script (After Launch)----------------
targets -set -nocase -filter {name =~ "*microblaze*#0" && bscan=="USER2" }
con
----------------End of Script----------------

11:33:38 INFO  : Launch script is exported to file 'D:\PortlandState\ECE_544\Labs\project_3\Vitis\Project3_ApplicationMBlaze_system\_ide\scripts\systemdebugger_project3_applicationmblaze_system_standalone.tcl'
11:35:39 INFO  : Checking for BSP changes to sync application flags for project 'Project3_ApplicationMBlaze'...
11:35:43 INFO  : Disconnected from the channel tcfchan#25.
11:35:43 INFO  : Connected to target on host '127.0.0.1' and port '3121'.
11:35:43 INFO  : Jtag cable 'Digilent Nexys A7 -100T 210292B17F4AA' is selected.
11:35:43 INFO  : 'jtag frequency' command is executed.
11:35:43 INFO  : 'targets -set -filter {jtag_cable_name =~ "Digilent Nexys A7 -100T 210292B17F4AA" && level==0 && jtag_device_ctx=="jsn-Nexys A7 -100T-210292B17F4AA-13631093-0"}' command is executed.
11:35:46 INFO  : Device configured successfully with "D:/PortlandState/ECE_544/Labs/project_3/Vitis/Project3_ApplicationMBlaze/_ide/bitstream/nexysA7fpga.bit"
11:35:46 INFO  : Context for processor 'microblaze_0' is selected.
11:35:46 INFO  : Hardware design and registers information is loaded from 'D:/PortlandState/ECE_544/Labs/project_3/Vitis/Project3_MBlaze_Platform/export/Project3_MBlaze_Platform/hw/nexysA7fpga.xsa'.
11:35:46 INFO  : 'configparams mdm-detect-bscan-mask 2' command is executed.
11:35:46 INFO  : Context for processor 'microblaze_0' is selected.
11:35:46 INFO  : System reset is completed.
11:35:49 INFO  : 'after 3000' command is executed.
11:35:49 INFO  : Context for processor 'microblaze_0' is selected.
11:35:49 INFO  : The application 'D:/PortlandState/ECE_544/Labs/project_3/Vitis/Project3_ApplicationMBlaze/Debug/Project3_ApplicationMBlaze.elf' is downloaded to processor 'microblaze_0'.
11:35:49 INFO  : ----------------XSDB Script----------------
connect -url tcp:127.0.0.1:3121
targets -set -filter {jtag_cable_name =~ "Digilent Nexys A7 -100T 210292B17F4AA" && level==0 && jtag_device_ctx=="jsn-Nexys A7 -100T-210292B17F4AA-13631093-0"}
fpga -file D:/PortlandState/ECE_544/Labs/project_3/Vitis/Project3_ApplicationMBlaze/_ide/bitstream/nexysA7fpga.bit
targets -set -nocase -filter {name =~ "*microblaze*#0" && bscan=="USER2" }
loadhw -hw D:/PortlandState/ECE_544/Labs/project_3/Vitis/Project3_MBlaze_Platform/export/Project3_MBlaze_Platform/hw/nexysA7fpga.xsa -regs
configparams mdm-detect-bscan-mask 2
targets -set -nocase -filter {name =~ "*microblaze*#0" && bscan=="USER2" }
rst -system
after 3000
targets -set -nocase -filter {name =~ "*microblaze*#0" && bscan=="USER2" }
dow D:/PortlandState/ECE_544/Labs/project_3/Vitis/Project3_ApplicationMBlaze/Debug/Project3_ApplicationMBlaze.elf
----------------End of Script----------------

11:35:49 INFO  : Context for processor 'microblaze_0' is selected.
11:35:49 INFO  : 'con' command is executed.
11:35:49 INFO  : ----------------XSDB Script (After Launch)----------------
targets -set -nocase -filter {name =~ "*microblaze*#0" && bscan=="USER2" }
con
----------------End of Script----------------

11:35:49 INFO  : Launch script is exported to file 'D:\PortlandState\ECE_544\Labs\project_3\Vitis\Project3_ApplicationMBlaze_system\_ide\scripts\systemdebugger_project3_applicationmblaze_system_standalone.tcl'
11:36:44 INFO  : Checking for BSP changes to sync application flags for project 'Project3_ApplicationMBlaze'...
11:36:46 INFO  : Disconnected from the channel tcfchan#26.
11:36:46 INFO  : Connected to target on host '127.0.0.1' and port '3121'.
11:36:46 INFO  : Jtag cable 'Digilent Nexys A7 -100T 210292B17F4AA' is selected.
11:36:46 INFO  : 'jtag frequency' command is executed.
11:36:46 INFO  : 'targets -set -filter {jtag_cable_name =~ "Digilent Nexys A7 -100T 210292B17F4AA" && level==0 && jtag_device_ctx=="jsn-Nexys A7 -100T-210292B17F4AA-13631093-0"}' command is executed.
11:36:49 INFO  : Device configured successfully with "D:/PortlandState/ECE_544/Labs/project_3/Vitis/Project3_ApplicationMBlaze/_ide/bitstream/nexysA7fpga.bit"
11:36:49 INFO  : Context for processor 'microblaze_0' is selected.
11:36:49 INFO  : Hardware design and registers information is loaded from 'D:/PortlandState/ECE_544/Labs/project_3/Vitis/Project3_MBlaze_Platform/export/Project3_MBlaze_Platform/hw/nexysA7fpga.xsa'.
11:36:49 INFO  : 'configparams mdm-detect-bscan-mask 2' command is executed.
11:36:49 INFO  : Context for processor 'microblaze_0' is selected.
11:36:49 INFO  : System reset is completed.
11:36:52 INFO  : 'after 3000' command is executed.
11:36:52 INFO  : Context for processor 'microblaze_0' is selected.
11:36:52 INFO  : The application 'D:/PortlandState/ECE_544/Labs/project_3/Vitis/Project3_ApplicationMBlaze/Debug/Project3_ApplicationMBlaze.elf' is downloaded to processor 'microblaze_0'.
11:36:52 INFO  : ----------------XSDB Script----------------
connect -url tcp:127.0.0.1:3121
targets -set -filter {jtag_cable_name =~ "Digilent Nexys A7 -100T 210292B17F4AA" && level==0 && jtag_device_ctx=="jsn-Nexys A7 -100T-210292B17F4AA-13631093-0"}
fpga -file D:/PortlandState/ECE_544/Labs/project_3/Vitis/Project3_ApplicationMBlaze/_ide/bitstream/nexysA7fpga.bit
targets -set -nocase -filter {name =~ "*microblaze*#0" && bscan=="USER2" }
loadhw -hw D:/PortlandState/ECE_544/Labs/project_3/Vitis/Project3_MBlaze_Platform/export/Project3_MBlaze_Platform/hw/nexysA7fpga.xsa -regs
configparams mdm-detect-bscan-mask 2
targets -set -nocase -filter {name =~ "*microblaze*#0" && bscan=="USER2" }
rst -system
after 3000
targets -set -nocase -filter {name =~ "*microblaze*#0" && bscan=="USER2" }
dow D:/PortlandState/ECE_544/Labs/project_3/Vitis/Project3_ApplicationMBlaze/Debug/Project3_ApplicationMBlaze.elf
----------------End of Script----------------

11:36:52 INFO  : Context for processor 'microblaze_0' is selected.
11:36:52 INFO  : 'con' command is executed.
11:36:52 INFO  : ----------------XSDB Script (After Launch)----------------
targets -set -nocase -filter {name =~ "*microblaze*#0" && bscan=="USER2" }
con
----------------End of Script----------------

11:36:52 INFO  : Launch script is exported to file 'D:\PortlandState\ECE_544\Labs\project_3\Vitis\Project3_ApplicationMBlaze_system\_ide\scripts\systemdebugger_project3_applicationmblaze_system_standalone.tcl'
11:39:13 INFO  : Checking for BSP changes to sync application flags for project 'Project3_ApplicationMBlaze'...
11:39:15 INFO  : Disconnected from the channel tcfchan#27.
11:39:16 INFO  : Connected to target on host '127.0.0.1' and port '3121'.
11:39:16 INFO  : Jtag cable 'Digilent Nexys A7 -100T 210292B17F4AA' is selected.
11:39:16 INFO  : 'jtag frequency' command is executed.
11:39:16 INFO  : 'targets -set -filter {jtag_cable_name =~ "Digilent Nexys A7 -100T 210292B17F4AA" && level==0 && jtag_device_ctx=="jsn-Nexys A7 -100T-210292B17F4AA-13631093-0"}' command is executed.
11:39:18 INFO  : Device configured successfully with "D:/PortlandState/ECE_544/Labs/project_3/Vitis/Project3_ApplicationMBlaze/_ide/bitstream/nexysA7fpga.bit"
11:39:18 INFO  : Context for processor 'microblaze_0' is selected.
11:39:18 INFO  : Hardware design and registers information is loaded from 'D:/PortlandState/ECE_544/Labs/project_3/Vitis/Project3_MBlaze_Platform/export/Project3_MBlaze_Platform/hw/nexysA7fpga.xsa'.
11:39:18 INFO  : 'configparams mdm-detect-bscan-mask 2' command is executed.
11:39:18 INFO  : Context for processor 'microblaze_0' is selected.
11:39:18 INFO  : System reset is completed.
11:39:21 INFO  : 'after 3000' command is executed.
11:39:21 INFO  : Context for processor 'microblaze_0' is selected.
11:39:22 INFO  : The application 'D:/PortlandState/ECE_544/Labs/project_3/Vitis/Project3_ApplicationMBlaze/Debug/Project3_ApplicationMBlaze.elf' is downloaded to processor 'microblaze_0'.
11:39:22 INFO  : ----------------XSDB Script----------------
connect -url tcp:127.0.0.1:3121
targets -set -filter {jtag_cable_name =~ "Digilent Nexys A7 -100T 210292B17F4AA" && level==0 && jtag_device_ctx=="jsn-Nexys A7 -100T-210292B17F4AA-13631093-0"}
fpga -file D:/PortlandState/ECE_544/Labs/project_3/Vitis/Project3_ApplicationMBlaze/_ide/bitstream/nexysA7fpga.bit
targets -set -nocase -filter {name =~ "*microblaze*#0" && bscan=="USER2" }
loadhw -hw D:/PortlandState/ECE_544/Labs/project_3/Vitis/Project3_MBlaze_Platform/export/Project3_MBlaze_Platform/hw/nexysA7fpga.xsa -regs
configparams mdm-detect-bscan-mask 2
targets -set -nocase -filter {name =~ "*microblaze*#0" && bscan=="USER2" }
rst -system
after 3000
targets -set -nocase -filter {name =~ "*microblaze*#0" && bscan=="USER2" }
dow D:/PortlandState/ECE_544/Labs/project_3/Vitis/Project3_ApplicationMBlaze/Debug/Project3_ApplicationMBlaze.elf
----------------End of Script----------------

11:39:22 INFO  : Context for processor 'microblaze_0' is selected.
11:39:22 INFO  : 'con' command is executed.
11:39:22 INFO  : ----------------XSDB Script (After Launch)----------------
targets -set -nocase -filter {name =~ "*microblaze*#0" && bscan=="USER2" }
con
----------------End of Script----------------

11:39:22 INFO  : Launch script is exported to file 'D:\PortlandState\ECE_544\Labs\project_3\Vitis\Project3_ApplicationMBlaze_system\_ide\scripts\systemdebugger_project3_applicationmblaze_system_standalone.tcl'
11:41:37 INFO  : Checking for BSP changes to sync application flags for project 'Project3_ApplicationMBlaze'...
11:41:42 INFO  : Disconnected from the channel tcfchan#28.
11:41:42 INFO  : Connected to target on host '127.0.0.1' and port '3121'.
11:41:42 INFO  : Jtag cable 'Digilent Nexys A7 -100T 210292B17F4AA' is selected.
11:41:42 INFO  : 'jtag frequency' command is executed.
11:41:42 INFO  : 'targets -set -filter {jtag_cable_name =~ "Digilent Nexys A7 -100T 210292B17F4AA" && level==0 && jtag_device_ctx=="jsn-Nexys A7 -100T-210292B17F4AA-13631093-0"}' command is executed.
11:41:44 INFO  : Device configured successfully with "D:/PortlandState/ECE_544/Labs/project_3/Vitis/Project3_ApplicationMBlaze/_ide/bitstream/nexysA7fpga.bit"
11:41:44 INFO  : Context for processor 'microblaze_0' is selected.
11:41:44 INFO  : Hardware design and registers information is loaded from 'D:/PortlandState/ECE_544/Labs/project_3/Vitis/Project3_MBlaze_Platform/export/Project3_MBlaze_Platform/hw/nexysA7fpga.xsa'.
11:41:44 INFO  : 'configparams mdm-detect-bscan-mask 2' command is executed.
11:41:44 INFO  : Context for processor 'microblaze_0' is selected.
11:41:44 INFO  : System reset is completed.
11:41:47 INFO  : 'after 3000' command is executed.
11:41:47 INFO  : Context for processor 'microblaze_0' is selected.
11:41:48 INFO  : The application 'D:/PortlandState/ECE_544/Labs/project_3/Vitis/Project3_ApplicationMBlaze/Debug/Project3_ApplicationMBlaze.elf' is downloaded to processor 'microblaze_0'.
11:41:48 INFO  : ----------------XSDB Script----------------
connect -url tcp:127.0.0.1:3121
targets -set -filter {jtag_cable_name =~ "Digilent Nexys A7 -100T 210292B17F4AA" && level==0 && jtag_device_ctx=="jsn-Nexys A7 -100T-210292B17F4AA-13631093-0"}
fpga -file D:/PortlandState/ECE_544/Labs/project_3/Vitis/Project3_ApplicationMBlaze/_ide/bitstream/nexysA7fpga.bit
targets -set -nocase -filter {name =~ "*microblaze*#0" && bscan=="USER2" }
loadhw -hw D:/PortlandState/ECE_544/Labs/project_3/Vitis/Project3_MBlaze_Platform/export/Project3_MBlaze_Platform/hw/nexysA7fpga.xsa -regs
configparams mdm-detect-bscan-mask 2
targets -set -nocase -filter {name =~ "*microblaze*#0" && bscan=="USER2" }
rst -system
after 3000
targets -set -nocase -filter {name =~ "*microblaze*#0" && bscan=="USER2" }
dow D:/PortlandState/ECE_544/Labs/project_3/Vitis/Project3_ApplicationMBlaze/Debug/Project3_ApplicationMBlaze.elf
----------------End of Script----------------

11:41:48 INFO  : Context for processor 'microblaze_0' is selected.
11:41:48 INFO  : 'con' command is executed.
11:41:48 INFO  : ----------------XSDB Script (After Launch)----------------
targets -set -nocase -filter {name =~ "*microblaze*#0" && bscan=="USER2" }
con
----------------End of Script----------------

11:41:48 INFO  : Launch script is exported to file 'D:\PortlandState\ECE_544\Labs\project_3\Vitis\Project3_ApplicationMBlaze_system\_ide\scripts\systemdebugger_project3_applicationmblaze_system_standalone.tcl'
11:43:11 INFO  : Checking for BSP changes to sync application flags for project 'Project3_ApplicationMBlaze'...
11:43:14 INFO  : Disconnected from the channel tcfchan#29.
11:43:14 INFO  : Connected to target on host '127.0.0.1' and port '3121'.
11:43:14 INFO  : Jtag cable 'Digilent Nexys A7 -100T 210292B17F4AA' is selected.
11:43:14 INFO  : 'jtag frequency' command is executed.
11:43:14 INFO  : 'targets -set -filter {jtag_cable_name =~ "Digilent Nexys A7 -100T 210292B17F4AA" && level==0 && jtag_device_ctx=="jsn-Nexys A7 -100T-210292B17F4AA-13631093-0"}' command is executed.
11:43:17 INFO  : Device configured successfully with "D:/PortlandState/ECE_544/Labs/project_3/Vitis/Project3_ApplicationMBlaze/_ide/bitstream/nexysA7fpga.bit"
11:43:17 INFO  : Context for processor 'microblaze_0' is selected.
11:43:17 INFO  : Hardware design and registers information is loaded from 'D:/PortlandState/ECE_544/Labs/project_3/Vitis/Project3_MBlaze_Platform/export/Project3_MBlaze_Platform/hw/nexysA7fpga.xsa'.
11:43:17 INFO  : 'configparams mdm-detect-bscan-mask 2' command is executed.
11:43:17 INFO  : Context for processor 'microblaze_0' is selected.
11:43:17 INFO  : System reset is completed.
11:43:20 INFO  : 'after 3000' command is executed.
11:43:20 INFO  : Context for processor 'microblaze_0' is selected.
11:43:20 INFO  : The application 'D:/PortlandState/ECE_544/Labs/project_3/Vitis/Project3_ApplicationMBlaze/Debug/Project3_ApplicationMBlaze.elf' is downloaded to processor 'microblaze_0'.
11:43:20 INFO  : ----------------XSDB Script----------------
connect -url tcp:127.0.0.1:3121
targets -set -filter {jtag_cable_name =~ "Digilent Nexys A7 -100T 210292B17F4AA" && level==0 && jtag_device_ctx=="jsn-Nexys A7 -100T-210292B17F4AA-13631093-0"}
fpga -file D:/PortlandState/ECE_544/Labs/project_3/Vitis/Project3_ApplicationMBlaze/_ide/bitstream/nexysA7fpga.bit
targets -set -nocase -filter {name =~ "*microblaze*#0" && bscan=="USER2" }
loadhw -hw D:/PortlandState/ECE_544/Labs/project_3/Vitis/Project3_MBlaze_Platform/export/Project3_MBlaze_Platform/hw/nexysA7fpga.xsa -regs
configparams mdm-detect-bscan-mask 2
targets -set -nocase -filter {name =~ "*microblaze*#0" && bscan=="USER2" }
rst -system
after 3000
targets -set -nocase -filter {name =~ "*microblaze*#0" && bscan=="USER2" }
dow D:/PortlandState/ECE_544/Labs/project_3/Vitis/Project3_ApplicationMBlaze/Debug/Project3_ApplicationMBlaze.elf
----------------End of Script----------------

11:43:20 INFO  : Context for processor 'microblaze_0' is selected.
11:43:20 INFO  : 'con' command is executed.
11:43:20 INFO  : ----------------XSDB Script (After Launch)----------------
targets -set -nocase -filter {name =~ "*microblaze*#0" && bscan=="USER2" }
con
----------------End of Script----------------

11:43:20 INFO  : Launch script is exported to file 'D:\PortlandState\ECE_544\Labs\project_3\Vitis\Project3_ApplicationMBlaze_system\_ide\scripts\systemdebugger_project3_applicationmblaze_system_standalone.tcl'
11:54:50 INFO  : Checking for BSP changes to sync application flags for project 'Project3_ApplicationMBlaze'...
11:55:20 INFO  : Checking for BSP changes to sync application flags for project 'Project3_ApplicationMBlaze'...
11:55:22 INFO  : Disconnected from the channel tcfchan#30.
11:55:22 INFO  : Connected to target on host '127.0.0.1' and port '3121'.
11:55:22 INFO  : Jtag cable 'Digilent Nexys A7 -100T 210292B17F4AA' is selected.
11:55:22 INFO  : 'jtag frequency' command is executed.
11:55:22 INFO  : 'targets -set -filter {jtag_cable_name =~ "Digilent Nexys A7 -100T 210292B17F4AA" && level==0 && jtag_device_ctx=="jsn-Nexys A7 -100T-210292B17F4AA-13631093-0"}' command is executed.
11:55:25 INFO  : Device configured successfully with "D:/PortlandState/ECE_544/Labs/project_3/Vitis/Project3_ApplicationMBlaze/_ide/bitstream/nexysA7fpga.bit"
11:55:25 INFO  : Context for processor 'microblaze_0' is selected.
11:55:25 INFO  : Hardware design and registers information is loaded from 'D:/PortlandState/ECE_544/Labs/project_3/Vitis/Project3_MBlaze_Platform/export/Project3_MBlaze_Platform/hw/nexysA7fpga.xsa'.
11:55:25 INFO  : 'configparams mdm-detect-bscan-mask 2' command is executed.
11:55:25 INFO  : Context for processor 'microblaze_0' is selected.
11:55:25 INFO  : System reset is completed.
11:55:28 INFO  : 'after 3000' command is executed.
11:55:28 INFO  : Context for processor 'microblaze_0' is selected.
11:55:28 INFO  : The application 'D:/PortlandState/ECE_544/Labs/project_3/Vitis/Project3_ApplicationMBlaze/Debug/Project3_ApplicationMBlaze.elf' is downloaded to processor 'microblaze_0'.
11:55:28 INFO  : ----------------XSDB Script----------------
connect -url tcp:127.0.0.1:3121
targets -set -filter {jtag_cable_name =~ "Digilent Nexys A7 -100T 210292B17F4AA" && level==0 && jtag_device_ctx=="jsn-Nexys A7 -100T-210292B17F4AA-13631093-0"}
fpga -file D:/PortlandState/ECE_544/Labs/project_3/Vitis/Project3_ApplicationMBlaze/_ide/bitstream/nexysA7fpga.bit
targets -set -nocase -filter {name =~ "*microblaze*#0" && bscan=="USER2" }
loadhw -hw D:/PortlandState/ECE_544/Labs/project_3/Vitis/Project3_MBlaze_Platform/export/Project3_MBlaze_Platform/hw/nexysA7fpga.xsa -regs
configparams mdm-detect-bscan-mask 2
targets -set -nocase -filter {name =~ "*microblaze*#0" && bscan=="USER2" }
rst -system
after 3000
targets -set -nocase -filter {name =~ "*microblaze*#0" && bscan=="USER2" }
dow D:/PortlandState/ECE_544/Labs/project_3/Vitis/Project3_ApplicationMBlaze/Debug/Project3_ApplicationMBlaze.elf
----------------End of Script----------------

11:55:28 INFO  : Context for processor 'microblaze_0' is selected.
11:55:28 INFO  : 'con' command is executed.
11:55:28 INFO  : ----------------XSDB Script (After Launch)----------------
targets -set -nocase -filter {name =~ "*microblaze*#0" && bscan=="USER2" }
con
----------------End of Script----------------

11:55:28 INFO  : Launch script is exported to file 'D:\PortlandState\ECE_544\Labs\project_3\Vitis\Project3_ApplicationMBlaze_system\_ide\scripts\systemdebugger_project3_applicationmblaze_system_standalone.tcl'
12:58:23 INFO  : Launching XSCT server: xsct.bat -n  -interactive D:\PortlandState\ECE_544\Labs\project_3\Vitis\temp_xsdb_launch_script.tcl
12:58:41 INFO  : XSCT server has started successfully.
12:58:41 INFO  : plnx-install-location is set to ''
12:58:41 INFO  : Successfully done setting XSCT server connection channel  
12:58:41 INFO  : Successfully done setting workspace for the tool. 
12:58:57 INFO  : Platform repository initialization has completed.
12:58:57 INFO  : Registering command handlers for Vitis TCF services
12:59:26 INFO  : Successfully done query RDI_DATADIR 
14:55:28 INFO  : Result from executing command 'getProjects': Project3_MBlaze_Platform
14:55:28 INFO  : Result from executing command 'getPlatforms': Project3_MBlaze_Platform|D:/PortlandState/ECE_544/Labs/project_3/Vitis/Project3_MBlaze_Platform/export/Project3_MBlaze_Platform/Project3_MBlaze_Platform.xpfm
14:55:29 INFO  : Checking for BSP changes to sync application flags for project 'Project3_ApplicationMBlaze'...
14:58:01 INFO  : Checking for BSP changes to sync application flags for project 'Project3_ApplicationMBlaze'...
14:58:14 INFO  : Checking for BSP changes to sync application flags for project 'Project3_ApplicationMBlaze'...
14:58:21 INFO  : Connected to target on host '127.0.0.1' and port '3121'.
14:58:22 INFO  : Jtag cable 'Digilent Nexys A7 -100T 210292B17F4AA' is selected.
14:58:22 INFO  : 'jtag frequency' command is executed.
14:58:22 INFO  : 'targets -set -filter {jtag_cable_name =~ "Digilent Nexys A7 -100T 210292B17F4AA" && level==0 && jtag_device_ctx=="jsn-Nexys A7 -100T-210292B17F4AA-13631093-0"}' command is executed.
14:58:25 INFO  : Device configured successfully with "D:/PortlandState/ECE_544/Labs/project_3/Vitis/Project3_ApplicationMBlaze/_ide/bitstream/nexysA7fpga.bit"
14:58:25 INFO  : Context for processor 'microblaze_0' is selected.
14:58:25 INFO  : Hardware design and registers information is loaded from 'D:/PortlandState/ECE_544/Labs/project_3/Vitis/Project3_MBlaze_Platform/export/Project3_MBlaze_Platform/hw/nexysA7fpga.xsa'.
14:58:25 INFO  : 'configparams mdm-detect-bscan-mask 2' command is executed.
14:58:25 INFO  : Context for processor 'microblaze_0' is selected.
14:58:25 INFO  : System reset is completed.
14:58:28 INFO  : 'after 3000' command is executed.
14:58:28 INFO  : Context for processor 'microblaze_0' is selected.
14:58:28 INFO  : The application 'D:/PortlandState/ECE_544/Labs/project_3/Vitis/Project3_ApplicationMBlaze/Debug/Project3_ApplicationMBlaze.elf' is downloaded to processor 'microblaze_0'.
14:58:28 INFO  : ----------------XSDB Script----------------
connect -url tcp:127.0.0.1:3121
targets -set -filter {jtag_cable_name =~ "Digilent Nexys A7 -100T 210292B17F4AA" && level==0 && jtag_device_ctx=="jsn-Nexys A7 -100T-210292B17F4AA-13631093-0"}
fpga -file D:/PortlandState/ECE_544/Labs/project_3/Vitis/Project3_ApplicationMBlaze/_ide/bitstream/nexysA7fpga.bit
targets -set -nocase -filter {name =~ "*microblaze*#0" && bscan=="USER2" }
loadhw -hw D:/PortlandState/ECE_544/Labs/project_3/Vitis/Project3_MBlaze_Platform/export/Project3_MBlaze_Platform/hw/nexysA7fpga.xsa -regs
configparams mdm-detect-bscan-mask 2
targets -set -nocase -filter {name =~ "*microblaze*#0" && bscan=="USER2" }
rst -system
after 3000
targets -set -nocase -filter {name =~ "*microblaze*#0" && bscan=="USER2" }
dow D:/PortlandState/ECE_544/Labs/project_3/Vitis/Project3_ApplicationMBlaze/Debug/Project3_ApplicationMBlaze.elf
----------------End of Script----------------

14:58:29 INFO  : Context for processor 'microblaze_0' is selected.
14:58:29 INFO  : 'con' command is executed.
14:58:29 INFO  : ----------------XSDB Script (After Launch)----------------
targets -set -nocase -filter {name =~ "*microblaze*#0" && bscan=="USER2" }
con
----------------End of Script----------------

14:58:29 INFO  : Launch script is exported to file 'D:\PortlandState\ECE_544\Labs\project_3\Vitis\Project3_ApplicationMBlaze_system\_ide\scripts\systemdebugger_project3_applicationmblaze_system_standalone.tcl'
15:50:18 INFO  : Checking for BSP changes to sync application flags for project 'Project3_ApplicationMBlaze'...
16:02:38 INFO  : Checking for BSP changes to sync application flags for project 'Project3_ApplicationMBlaze'...
16:03:07 INFO  : Checking for BSP changes to sync application flags for project 'Project3_ApplicationMBlaze'...
16:10:12 INFO  : Disconnected from the channel tcfchan#2.
